0 info it worked if it ends with ok
1 verbose cli [ '/usr/local/bin/node',
1 verbose cli   '/usr/local/bin/npm',
1 verbose cli   'install',
1 verbose cli   '--save-dev',
1 verbose cli   'gulp-iconfont' ]
2 info using npm@2.14.12
3 info using node@v4.2.6
4 verbose install initial load of /Users/jairo/Desktop/base-FrontEnd-v1.1/package.json
5 warn package.json jairovillalobos@1.1.0 No repository field.
6 verbose installManyTop reading scoped package data from /Users/jairo/Desktop/base-FrontEnd-v1.1/node_modules/abbrev/package.json
7 verbose installManyTop reading scoped package data from /Users/jairo/Desktop/base-FrontEnd-v1.1/node_modules/accepts/package.json
8 verbose installManyTop reading scoped package data from /Users/jairo/Desktop/base-FrontEnd-v1.1/node_modules/acorn/package.json
9 verbose installManyTop reading scoped package data from /Users/jairo/Desktop/base-FrontEnd-v1.1/node_modules/acorn-globals/package.json
10 verbose installManyTop reading scoped package data from /Users/jairo/Desktop/base-FrontEnd-v1.1/node_modules/after/package.json
11 verbose installManyTop reading scoped package data from /Users/jairo/Desktop/base-FrontEnd-v1.1/node_modules/align-text/package.json
12 verbose installManyTop reading scoped package data from /Users/jairo/Desktop/base-FrontEnd-v1.1/node_modules/amdefine/package.json
13 verbose installManyTop reading scoped package data from /Users/jairo/Desktop/base-FrontEnd-v1.1/node_modules/ansi-regex/package.json
14 verbose installManyTop reading scoped package data from /Users/jairo/Desktop/base-FrontEnd-v1.1/node_modules/ansi-styles/package.json
15 verbose installManyTop reading scoped package data from /Users/jairo/Desktop/base-FrontEnd-v1.1/node_modules/anymatch/package.json
16 verbose installManyTop reading scoped package data from /Users/jairo/Desktop/base-FrontEnd-v1.1/node_modules/aproba/package.json
17 verbose installManyTop reading scoped package data from /Users/jairo/Desktop/base-FrontEnd-v1.1/node_modules/archive-type/package.json
18 verbose installManyTop reading scoped package data from /Users/jairo/Desktop/base-FrontEnd-v1.1/node_modules/archy/package.json
19 verbose installManyTop reading scoped package data from /Users/jairo/Desktop/base-FrontEnd-v1.1/node_modules/are-we-there-yet/package.json
20 verbose installManyTop reading scoped package data from /Users/jairo/Desktop/base-FrontEnd-v1.1/node_modules/argparse/package.json
21 verbose installManyTop reading scoped package data from /Users/jairo/Desktop/base-FrontEnd-v1.1/node_modules/arr-diff/package.json
22 verbose installManyTop reading scoped package data from /Users/jairo/Desktop/base-FrontEnd-v1.1/node_modules/arr-flatten/package.json
23 verbose installManyTop reading scoped package data from /Users/jairo/Desktop/base-FrontEnd-v1.1/node_modules/array-differ/package.json
24 verbose installManyTop reading scoped package data from /Users/jairo/Desktop/base-FrontEnd-v1.1/node_modules/array-find-index/package.json
25 verbose installManyTop reading scoped package data from /Users/jairo/Desktop/base-FrontEnd-v1.1/node_modules/array-index/package.json
26 verbose installManyTop reading scoped package data from /Users/jairo/Desktop/base-FrontEnd-v1.1/node_modules/array-union/package.json
27 verbose installManyTop reading scoped package data from /Users/jairo/Desktop/base-FrontEnd-v1.1/node_modules/array-uniq/package.json
28 verbose installManyTop reading scoped package data from /Users/jairo/Desktop/base-FrontEnd-v1.1/node_modules/array-unique/package.json
29 verbose installManyTop reading scoped package data from /Users/jairo/Desktop/base-FrontEnd-v1.1/node_modules/arraybuffer.slice/package.json
30 verbose installManyTop reading scoped package data from /Users/jairo/Desktop/base-FrontEnd-v1.1/node_modules/arrify/package.json
31 verbose installManyTop reading scoped package data from /Users/jairo/Desktop/base-FrontEnd-v1.1/node_modules/asap/package.json
32 verbose installManyTop reading scoped package data from /Users/jairo/Desktop/base-FrontEnd-v1.1/node_modules/asn1/package.json
33 verbose installManyTop reading scoped package data from /Users/jairo/Desktop/base-FrontEnd-v1.1/node_modules/assert-plus/package.json
34 verbose installManyTop reading scoped package data from /Users/jairo/Desktop/base-FrontEnd-v1.1/node_modules/async/package.json
35 verbose installManyTop reading scoped package data from /Users/jairo/Desktop/base-FrontEnd-v1.1/node_modules/async-each/package.json
36 verbose installManyTop reading scoped package data from /Users/jairo/Desktop/base-FrontEnd-v1.1/node_modules/async-each-series/package.json
37 verbose installManyTop reading scoped package data from /Users/jairo/Desktop/base-FrontEnd-v1.1/node_modules/async-foreach/package.json
38 verbose installManyTop reading scoped package data from /Users/jairo/Desktop/base-FrontEnd-v1.1/node_modules/asynckit/package.json
39 verbose installManyTop reading scoped package data from /Users/jairo/Desktop/base-FrontEnd-v1.1/node_modules/autoprefixer/package.json
40 verbose installManyTop reading scoped package data from /Users/jairo/Desktop/base-FrontEnd-v1.1/node_modules/aws-sign2/package.json
41 verbose installManyTop reading scoped package data from /Users/jairo/Desktop/base-FrontEnd-v1.1/node_modules/aws4/package.json
42 verbose installManyTop reading scoped package data from /Users/jairo/Desktop/base-FrontEnd-v1.1/node_modules/backo2/package.json
43 verbose installManyTop reading scoped package data from /Users/jairo/Desktop/base-FrontEnd-v1.1/node_modules/balanced-match/package.json
44 verbose installManyTop reading scoped package data from /Users/jairo/Desktop/base-FrontEnd-v1.1/node_modules/base64-arraybuffer/package.json
45 verbose installManyTop reading scoped package data from /Users/jairo/Desktop/base-FrontEnd-v1.1/node_modules/base64id/package.json
46 verbose installManyTop reading scoped package data from /Users/jairo/Desktop/base-FrontEnd-v1.1/node_modules/batch/package.json
47 verbose installManyTop reading scoped package data from /Users/jairo/Desktop/base-FrontEnd-v1.1/node_modules/bcrypt-pbkdf/package.json
48 verbose installManyTop reading scoped package data from /Users/jairo/Desktop/base-FrontEnd-v1.1/node_modules/beeper/package.json
49 verbose installManyTop reading scoped package data from /Users/jairo/Desktop/base-FrontEnd-v1.1/node_modules/benchmark/package.json
50 verbose installManyTop reading scoped package data from /Users/jairo/Desktop/base-FrontEnd-v1.1/node_modules/better-assert/package.json
51 verbose installManyTop reading scoped package data from /Users/jairo/Desktop/base-FrontEnd-v1.1/node_modules/bin-build/package.json
52 verbose installManyTop reading scoped package data from /Users/jairo/Desktop/base-FrontEnd-v1.1/node_modules/bin-check/package.json
53 verbose installManyTop reading scoped package data from /Users/jairo/Desktop/base-FrontEnd-v1.1/node_modules/bin-version/package.json
54 verbose installManyTop reading scoped package data from /Users/jairo/Desktop/base-FrontEnd-v1.1/node_modules/bin-version-check/package.json
55 verbose installManyTop reading scoped package data from /Users/jairo/Desktop/base-FrontEnd-v1.1/node_modules/bin-wrapper/package.json
56 verbose installManyTop reading scoped package data from /Users/jairo/Desktop/base-FrontEnd-v1.1/node_modules/binary-extensions/package.json
57 verbose installManyTop reading scoped package data from /Users/jairo/Desktop/base-FrontEnd-v1.1/node_modules/bl/package.json
58 verbose installManyTop reading scoped package data from /Users/jairo/Desktop/base-FrontEnd-v1.1/node_modules/blob/package.json
59 verbose installManyTop reading scoped package data from /Users/jairo/Desktop/base-FrontEnd-v1.1/node_modules/block-stream/package.json
60 verbose installManyTop reading scoped package data from /Users/jairo/Desktop/base-FrontEnd-v1.1/node_modules/boom/package.json
61 verbose installManyTop reading scoped package data from /Users/jairo/Desktop/base-FrontEnd-v1.1/node_modules/brace-expansion/package.json
62 verbose installManyTop reading scoped package data from /Users/jairo/Desktop/base-FrontEnd-v1.1/node_modules/braces/package.json
63 verbose installManyTop reading scoped package data from /Users/jairo/Desktop/base-FrontEnd-v1.1/node_modules/browser-sync/package.json
64 verbose installManyTop reading scoped package data from /Users/jairo/Desktop/base-FrontEnd-v1.1/node_modules/browser-sync-client/package.json
65 verbose installManyTop reading scoped package data from /Users/jairo/Desktop/base-FrontEnd-v1.1/node_modules/browser-sync-ui/package.json
66 verbose installManyTop reading scoped package data from /Users/jairo/Desktop/base-FrontEnd-v1.1/node_modules/browserslist/package.json
67 verbose installManyTop reading scoped package data from /Users/jairo/Desktop/base-FrontEnd-v1.1/node_modules/bs-recipes/package.json
68 verbose installManyTop reading scoped package data from /Users/jairo/Desktop/base-FrontEnd-v1.1/node_modules/buffer-crc32/package.json
69 verbose installManyTop reading scoped package data from /Users/jairo/Desktop/base-FrontEnd-v1.1/node_modules/buffer-shims/package.json
70 verbose installManyTop reading scoped package data from /Users/jairo/Desktop/base-FrontEnd-v1.1/node_modules/buffer-to-vinyl/package.json
71 verbose installManyTop reading scoped package data from /Users/jairo/Desktop/base-FrontEnd-v1.1/node_modules/builtin-modules/package.json
72 verbose installManyTop reading scoped package data from /Users/jairo/Desktop/base-FrontEnd-v1.1/node_modules/callsite/package.json
73 verbose installManyTop reading scoped package data from /Users/jairo/Desktop/base-FrontEnd-v1.1/node_modules/camelcase/package.json
74 verbose installManyTop reading scoped package data from /Users/jairo/Desktop/base-FrontEnd-v1.1/node_modules/camelcase-keys/package.json
75 verbose installManyTop reading scoped package data from /Users/jairo/Desktop/base-FrontEnd-v1.1/node_modules/caniuse-db/package.json
76 verbose installManyTop reading scoped package data from /Users/jairo/Desktop/base-FrontEnd-v1.1/node_modules/capture-stack-trace/package.json
77 verbose installManyTop reading scoped package data from /Users/jairo/Desktop/base-FrontEnd-v1.1/node_modules/caseless/package.json
78 verbose installManyTop reading scoped package data from /Users/jairo/Desktop/base-FrontEnd-v1.1/node_modules/caw/package.json
79 verbose installManyTop reading scoped package data from /Users/jairo/Desktop/base-FrontEnd-v1.1/node_modules/center-align/package.json
80 verbose installManyTop reading scoped package data from /Users/jairo/Desktop/base-FrontEnd-v1.1/node_modules/chalk/package.json
81 verbose installManyTop reading scoped package data from /Users/jairo/Desktop/base-FrontEnd-v1.1/node_modules/character-parser/package.json
82 verbose installManyTop reading scoped package data from /Users/jairo/Desktop/base-FrontEnd-v1.1/node_modules/chokidar/package.json
83 verbose installManyTop reading scoped package data from /Users/jairo/Desktop/base-FrontEnd-v1.1/node_modules/clap/package.json
84 verbose installManyTop reading scoped package data from /Users/jairo/Desktop/base-FrontEnd-v1.1/node_modules/clean-css/package.json
85 verbose installManyTop reading scoped package data from /Users/jairo/Desktop/base-FrontEnd-v1.1/node_modules/cliui/package.json
86 verbose installManyTop reading scoped package data from /Users/jairo/Desktop/base-FrontEnd-v1.1/node_modules/clone/package.json
87 verbose installManyTop reading scoped package data from /Users/jairo/Desktop/base-FrontEnd-v1.1/node_modules/clone-stats/package.json
88 verbose installManyTop reading scoped package data from /Users/jairo/Desktop/base-FrontEnd-v1.1/node_modules/co/package.json
89 verbose installManyTop reading scoped package data from /Users/jairo/Desktop/base-FrontEnd-v1.1/node_modules/coa/package.json
90 verbose installManyTop reading scoped package data from /Users/jairo/Desktop/base-FrontEnd-v1.1/node_modules/code-point-at/package.json
91 verbose installManyTop reading scoped package data from /Users/jairo/Desktop/base-FrontEnd-v1.1/node_modules/colors/package.json
92 verbose installManyTop reading scoped package data from /Users/jairo/Desktop/base-FrontEnd-v1.1/node_modules/combined-stream/package.json
93 verbose installManyTop reading scoped package data from /Users/jairo/Desktop/base-FrontEnd-v1.1/node_modules/commander/package.json
94 verbose installManyTop reading scoped package data from /Users/jairo/Desktop/base-FrontEnd-v1.1/node_modules/component-bind/package.json
95 verbose installManyTop reading scoped package data from /Users/jairo/Desktop/base-FrontEnd-v1.1/node_modules/component-emitter/package.json
96 verbose installManyTop reading scoped package data from /Users/jairo/Desktop/base-FrontEnd-v1.1/node_modules/component-inherit/package.json
97 verbose installManyTop reading scoped package data from /Users/jairo/Desktop/base-FrontEnd-v1.1/node_modules/concat-map/package.json
98 verbose installManyTop reading scoped package data from /Users/jairo/Desktop/base-FrontEnd-v1.1/node_modules/concat-stream/package.json
99 verbose installManyTop reading scoped package data from /Users/jairo/Desktop/base-FrontEnd-v1.1/node_modules/connect/package.json
100 verbose installManyTop reading scoped package data from /Users/jairo/Desktop/base-FrontEnd-v1.1/node_modules/connect-history-api-fallback/package.json
101 verbose installManyTop reading scoped package data from /Users/jairo/Desktop/base-FrontEnd-v1.1/node_modules/console-control-strings/package.json
102 verbose installManyTop reading scoped package data from /Users/jairo/Desktop/base-FrontEnd-v1.1/node_modules/console-stream/package.json
103 verbose installManyTop reading scoped package data from /Users/jairo/Desktop/base-FrontEnd-v1.1/node_modules/constantinople/package.json
104 verbose installManyTop reading scoped package data from /Users/jairo/Desktop/base-FrontEnd-v1.1/node_modules/convert-source-map/package.json
105 verbose installManyTop reading scoped package data from /Users/jairo/Desktop/base-FrontEnd-v1.1/node_modules/core-util-is/package.json
106 verbose installManyTop reading scoped package data from /Users/jairo/Desktop/base-FrontEnd-v1.1/node_modules/create-error-class/package.json
107 verbose installManyTop reading scoped package data from /Users/jairo/Desktop/base-FrontEnd-v1.1/node_modules/cross-spawn/package.json
108 verbose installManyTop reading scoped package data from /Users/jairo/Desktop/base-FrontEnd-v1.1/node_modules/cryptiles/package.json
109 verbose installManyTop reading scoped package data from /Users/jairo/Desktop/base-FrontEnd-v1.1/node_modules/csso/package.json
110 verbose installManyTop reading scoped package data from /Users/jairo/Desktop/base-FrontEnd-v1.1/node_modules/ctype/package.json
111 verbose installManyTop reading scoped package data from /Users/jairo/Desktop/base-FrontEnd-v1.1/node_modules/currently-unhandled/package.json
112 verbose installManyTop reading scoped package data from /Users/jairo/Desktop/base-FrontEnd-v1.1/node_modules/d/package.json
113 verbose installManyTop reading scoped package data from /Users/jairo/Desktop/base-FrontEnd-v1.1/node_modules/dashdash/package.json
114 verbose installManyTop reading scoped package data from /Users/jairo/Desktop/base-FrontEnd-v1.1/node_modules/dateformat/package.json
115 verbose installManyTop reading scoped package data from /Users/jairo/Desktop/base-FrontEnd-v1.1/node_modules/debug/package.json
116 verbose installManyTop reading scoped package data from /Users/jairo/Desktop/base-FrontEnd-v1.1/node_modules/decamelize/package.json
117 verbose installManyTop reading scoped package data from /Users/jairo/Desktop/base-FrontEnd-v1.1/node_modules/decompress/package.json
118 verbose installManyTop reading scoped package data from /Users/jairo/Desktop/base-FrontEnd-v1.1/node_modules/decompress-tar/package.json
119 verbose installManyTop reading scoped package data from /Users/jairo/Desktop/base-FrontEnd-v1.1/node_modules/decompress-tarbz2/package.json
120 verbose installManyTop reading scoped package data from /Users/jairo/Desktop/base-FrontEnd-v1.1/node_modules/decompress-targz/package.json
121 verbose installManyTop reading scoped package data from /Users/jairo/Desktop/base-FrontEnd-v1.1/node_modules/decompress-unzip/package.json
122 verbose installManyTop reading scoped package data from /Users/jairo/Desktop/base-FrontEnd-v1.1/node_modules/deep-extend/package.json
123 verbose installManyTop reading scoped package data from /Users/jairo/Desktop/base-FrontEnd-v1.1/node_modules/defaults/package.json
124 verbose installManyTop reading scoped package data from /Users/jairo/Desktop/base-FrontEnd-v1.1/node_modules/delayed-stream/package.json
125 verbose installManyTop reading scoped package data from /Users/jairo/Desktop/base-FrontEnd-v1.1/node_modules/delegates/package.json
126 verbose installManyTop reading scoped package data from /Users/jairo/Desktop/base-FrontEnd-v1.1/node_modules/depd/package.json
127 verbose installManyTop reading scoped package data from /Users/jairo/Desktop/base-FrontEnd-v1.1/node_modules/deprecated/package.json
128 verbose installManyTop reading scoped package data from /Users/jairo/Desktop/base-FrontEnd-v1.1/node_modules/destroy/package.json
129 verbose installManyTop reading scoped package data from /Users/jairo/Desktop/base-FrontEnd-v1.1/node_modules/detect-file/package.json
130 verbose installManyTop reading scoped package data from /Users/jairo/Desktop/base-FrontEnd-v1.1/node_modules/dev-ip/package.json
131 verbose installManyTop reading scoped package data from /Users/jairo/Desktop/base-FrontEnd-v1.1/node_modules/doctypes/package.json
132 verbose installManyTop reading scoped package data from /Users/jairo/Desktop/base-FrontEnd-v1.1/node_modules/download/package.json
133 verbose installManyTop reading scoped package data from /Users/jairo/Desktop/base-FrontEnd-v1.1/node_modules/duplexer2/package.json
134 verbose installManyTop reading scoped package data from /Users/jairo/Desktop/base-FrontEnd-v1.1/node_modules/duplexify/package.json
135 verbose installManyTop reading scoped package data from /Users/jairo/Desktop/base-FrontEnd-v1.1/node_modules/each-async/package.json
136 verbose installManyTop reading scoped package data from /Users/jairo/Desktop/base-FrontEnd-v1.1/node_modules/easy-extender/package.json
137 verbose installManyTop reading scoped package data from /Users/jairo/Desktop/base-FrontEnd-v1.1/node_modules/eazy-logger/package.json
138 verbose installManyTop reading scoped package data from /Users/jairo/Desktop/base-FrontEnd-v1.1/node_modules/ecc-jsbn/package.json
139 verbose installManyTop reading scoped package data from /Users/jairo/Desktop/base-FrontEnd-v1.1/node_modules/ee-first/package.json
140 verbose installManyTop reading scoped package data from /Users/jairo/Desktop/base-FrontEnd-v1.1/node_modules/emitter-steward/package.json
141 verbose installManyTop reading scoped package data from /Users/jairo/Desktop/base-FrontEnd-v1.1/node_modules/encodeurl/package.json
142 verbose installManyTop reading scoped package data from /Users/jairo/Desktop/base-FrontEnd-v1.1/node_modules/end-of-stream/package.json
143 verbose installManyTop reading scoped package data from /Users/jairo/Desktop/base-FrontEnd-v1.1/node_modules/engine.io/package.json
144 verbose installManyTop reading scoped package data from /Users/jairo/Desktop/base-FrontEnd-v1.1/node_modules/engine.io-client/package.json
145 verbose installManyTop reading scoped package data from /Users/jairo/Desktop/base-FrontEnd-v1.1/node_modules/engine.io-parser/package.json
146 verbose installManyTop reading scoped package data from /Users/jairo/Desktop/base-FrontEnd-v1.1/node_modules/error-ex/package.json
147 verbose installManyTop reading scoped package data from /Users/jairo/Desktop/base-FrontEnd-v1.1/node_modules/es5-ext/package.json
148 verbose installManyTop reading scoped package data from /Users/jairo/Desktop/base-FrontEnd-v1.1/node_modules/es6-iterator/package.json
149 verbose installManyTop reading scoped package data from /Users/jairo/Desktop/base-FrontEnd-v1.1/node_modules/es6-symbol/package.json
150 verbose installManyTop reading scoped package data from /Users/jairo/Desktop/base-FrontEnd-v1.1/node_modules/escape-html/package.json
151 verbose installManyTop reading scoped package data from /Users/jairo/Desktop/base-FrontEnd-v1.1/node_modules/escape-string-regexp/package.json
152 verbose installManyTop reading scoped package data from /Users/jairo/Desktop/base-FrontEnd-v1.1/node_modules/esprima/package.json
153 verbose installManyTop reading scoped package data from /Users/jairo/Desktop/base-FrontEnd-v1.1/node_modules/etag/package.json
154 verbose installManyTop reading scoped package data from /Users/jairo/Desktop/base-FrontEnd-v1.1/node_modules/eventemitter3/package.json
155 verbose installManyTop reading scoped package data from /Users/jairo/Desktop/base-FrontEnd-v1.1/node_modules/exec-buffer/package.json
156 verbose installManyTop reading scoped package data from /Users/jairo/Desktop/base-FrontEnd-v1.1/node_modules/exec-series/package.json
157 verbose installManyTop reading scoped package data from /Users/jairo/Desktop/base-FrontEnd-v1.1/node_modules/execa/package.json
158 verbose installManyTop reading scoped package data from /Users/jairo/Desktop/base-FrontEnd-v1.1/node_modules/executable/package.json
159 verbose installManyTop reading scoped package data from /Users/jairo/Desktop/base-FrontEnd-v1.1/node_modules/expand-brackets/package.json
160 verbose installManyTop reading scoped package data from /Users/jairo/Desktop/base-FrontEnd-v1.1/node_modules/expand-range/package.json
161 verbose installManyTop reading scoped package data from /Users/jairo/Desktop/base-FrontEnd-v1.1/node_modules/expand-tilde/package.json
162 verbose installManyTop reading scoped package data from /Users/jairo/Desktop/base-FrontEnd-v1.1/node_modules/express/package.json
163 verbose installManyTop reading scoped package data from /Users/jairo/Desktop/base-FrontEnd-v1.1/node_modules/extend/package.json
164 verbose installManyTop reading scoped package data from /Users/jairo/Desktop/base-FrontEnd-v1.1/node_modules/extend-shallow/package.json
165 verbose installManyTop reading scoped package data from /Users/jairo/Desktop/base-FrontEnd-v1.1/node_modules/extglob/package.json
166 verbose installManyTop reading scoped package data from /Users/jairo/Desktop/base-FrontEnd-v1.1/node_modules/extsprintf/package.json
167 verbose installManyTop reading scoped package data from /Users/jairo/Desktop/base-FrontEnd-v1.1/node_modules/fancy-log/package.json
168 verbose installManyTop reading scoped package data from /Users/jairo/Desktop/base-FrontEnd-v1.1/node_modules/fd-slicer/package.json
169 verbose installManyTop reading scoped package data from /Users/jairo/Desktop/base-FrontEnd-v1.1/node_modules/figures/package.json
170 verbose installManyTop reading scoped package data from /Users/jairo/Desktop/base-FrontEnd-v1.1/node_modules/file-type/package.json
171 verbose installManyTop reading scoped package data from /Users/jairo/Desktop/base-FrontEnd-v1.1/node_modules/filename-regex/package.json
172 verbose installManyTop reading scoped package data from /Users/jairo/Desktop/base-FrontEnd-v1.1/node_modules/filename-reserved-regex/package.json
173 verbose installManyTop reading scoped package data from /Users/jairo/Desktop/base-FrontEnd-v1.1/node_modules/filenamify/package.json
174 verbose installManyTop reading scoped package data from /Users/jairo/Desktop/base-FrontEnd-v1.1/node_modules/fill-range/package.json
175 verbose installManyTop reading scoped package data from /Users/jairo/Desktop/base-FrontEnd-v1.1/node_modules/finalhandler/package.json
176 verbose installManyTop reading scoped package data from /Users/jairo/Desktop/base-FrontEnd-v1.1/node_modules/find-index/package.json
177 verbose installManyTop reading scoped package data from /Users/jairo/Desktop/base-FrontEnd-v1.1/node_modules/find-up/package.json
178 verbose installManyTop reading scoped package data from /Users/jairo/Desktop/base-FrontEnd-v1.1/node_modules/find-versions/package.json
179 verbose installManyTop reading scoped package data from /Users/jairo/Desktop/base-FrontEnd-v1.1/node_modules/findup-sync/package.json
180 verbose installManyTop reading scoped package data from /Users/jairo/Desktop/base-FrontEnd-v1.1/node_modules/fined/package.json
181 verbose installManyTop reading scoped package data from /Users/jairo/Desktop/base-FrontEnd-v1.1/node_modules/first-chunk-stream/package.json
182 verbose installManyTop reading scoped package data from /Users/jairo/Desktop/base-FrontEnd-v1.1/node_modules/flagged-respawn/package.json
183 verbose installManyTop reading scoped package data from /Users/jairo/Desktop/base-FrontEnd-v1.1/node_modules/for-in/package.json
184 verbose installManyTop reading scoped package data from /Users/jairo/Desktop/base-FrontEnd-v1.1/node_modules/for-own/package.json
185 verbose installManyTop reading scoped package data from /Users/jairo/Desktop/base-FrontEnd-v1.1/node_modules/forever-agent/package.json
186 verbose installManyTop reading scoped package data from /Users/jairo/Desktop/base-FrontEnd-v1.1/node_modules/form-data/package.json
187 verbose installManyTop reading scoped package data from /Users/jairo/Desktop/base-FrontEnd-v1.1/node_modules/formidable/package.json
188 verbose installManyTop reading scoped package data from /Users/jairo/Desktop/base-FrontEnd-v1.1/node_modules/fresh/package.json
189 verbose installManyTop reading scoped package data from /Users/jairo/Desktop/base-FrontEnd-v1.1/node_modules/fs-exists-sync/package.json
190 verbose installManyTop reading scoped package data from /Users/jairo/Desktop/base-FrontEnd-v1.1/node_modules/fs-extra/package.json
191 verbose installManyTop reading scoped package data from /Users/jairo/Desktop/base-FrontEnd-v1.1/node_modules/fs.realpath/package.json
192 verbose installManyTop reading scoped package data from /Users/jairo/Desktop/base-FrontEnd-v1.1/node_modules/fsevents/package.json
193 verbose installManyTop reading scoped package data from /Users/jairo/Desktop/base-FrontEnd-v1.1/node_modules/fstream/package.json
194 verbose installManyTop reading scoped package data from /Users/jairo/Desktop/base-FrontEnd-v1.1/node_modules/gauge/package.json
195 verbose installManyTop reading scoped package data from /Users/jairo/Desktop/base-FrontEnd-v1.1/node_modules/gaze/package.json
196 verbose installManyTop reading scoped package data from /Users/jairo/Desktop/base-FrontEnd-v1.1/node_modules/generate-function/package.json
197 verbose installManyTop reading scoped package data from /Users/jairo/Desktop/base-FrontEnd-v1.1/node_modules/generate-object-property/package.json
198 verbose installManyTop reading scoped package data from /Users/jairo/Desktop/base-FrontEnd-v1.1/node_modules/get-caller-file/package.json
199 verbose installManyTop reading scoped package data from /Users/jairo/Desktop/base-FrontEnd-v1.1/node_modules/get-proxy/package.json
200 verbose installManyTop reading scoped package data from /Users/jairo/Desktop/base-FrontEnd-v1.1/node_modules/get-stdin/package.json
201 verbose installManyTop reading scoped package data from /Users/jairo/Desktop/base-FrontEnd-v1.1/node_modules/get-stream/package.json
202 verbose installManyTop reading scoped package data from /Users/jairo/Desktop/base-FrontEnd-v1.1/node_modules/getpass/package.json
203 verbose installManyTop reading scoped package data from /Users/jairo/Desktop/base-FrontEnd-v1.1/node_modules/gifsicle/package.json
204 verbose installManyTop reading scoped package data from /Users/jairo/Desktop/base-FrontEnd-v1.1/node_modules/glob/package.json
205 verbose installManyTop reading scoped package data from /Users/jairo/Desktop/base-FrontEnd-v1.1/node_modules/glob-base/package.json
206 verbose installManyTop reading scoped package data from /Users/jairo/Desktop/base-FrontEnd-v1.1/node_modules/glob-parent/package.json
207 verbose installManyTop reading scoped package data from /Users/jairo/Desktop/base-FrontEnd-v1.1/node_modules/glob-stream/package.json
208 verbose installManyTop reading scoped package data from /Users/jairo/Desktop/base-FrontEnd-v1.1/node_modules/glob-watcher/package.json
209 verbose installManyTop reading scoped package data from /Users/jairo/Desktop/base-FrontEnd-v1.1/node_modules/glob2base/package.json
210 verbose installManyTop reading scoped package data from /Users/jairo/Desktop/base-FrontEnd-v1.1/node_modules/global-modules/package.json
211 verbose installManyTop reading scoped package data from /Users/jairo/Desktop/base-FrontEnd-v1.1/node_modules/global-prefix/package.json
212 verbose installManyTop reading scoped package data from /Users/jairo/Desktop/base-FrontEnd-v1.1/node_modules/globby/package.json
213 verbose installManyTop reading scoped package data from /Users/jairo/Desktop/base-FrontEnd-v1.1/node_modules/globule/package.json
214 verbose installManyTop reading scoped package data from /Users/jairo/Desktop/base-FrontEnd-v1.1/node_modules/glogg/package.json
215 verbose installManyTop reading scoped package data from /Users/jairo/Desktop/base-FrontEnd-v1.1/node_modules/got/package.json
216 verbose installManyTop reading scoped package data from /Users/jairo/Desktop/base-FrontEnd-v1.1/node_modules/graceful-fs/package.json
217 verbose installManyTop reading scoped package data from /Users/jairo/Desktop/base-FrontEnd-v1.1/node_modules/graceful-readlink/package.json
218 verbose installManyTop reading scoped package data from /Users/jairo/Desktop/base-FrontEnd-v1.1/node_modules/gulp/package.json
219 verbose installManyTop reading scoped package data from /Users/jairo/Desktop/base-FrontEnd-v1.1/node_modules/gulp-autoprefixer/package.json
220 verbose installManyTop reading scoped package data from /Users/jairo/Desktop/base-FrontEnd-v1.1/node_modules/gulp-decompress/package.json
221 verbose installManyTop reading scoped package data from /Users/jairo/Desktop/base-FrontEnd-v1.1/node_modules/gulp-iconfont/package.json
222 verbose installManyTop reading scoped package data from /Users/jairo/Desktop/base-FrontEnd-v1.1/node_modules/gulp-iconfont-css/package.json
223 verbose installManyTop reading scoped package data from /Users/jairo/Desktop/base-FrontEnd-v1.1/node_modules/gulp-imagemin/package.json
224 verbose installManyTop reading scoped package data from /Users/jairo/Desktop/base-FrontEnd-v1.1/node_modules/gulp-pug/package.json
225 verbose installManyTop reading scoped package data from /Users/jairo/Desktop/base-FrontEnd-v1.1/node_modules/gulp-rename/package.json
226 verbose installManyTop reading scoped package data from /Users/jairo/Desktop/base-FrontEnd-v1.1/node_modules/gulp-sass/package.json
227 verbose installManyTop reading scoped package data from /Users/jairo/Desktop/base-FrontEnd-v1.1/node_modules/gulp-sourcemaps/package.json
228 verbose installManyTop reading scoped package data from /Users/jairo/Desktop/base-FrontEnd-v1.1/node_modules/gulp-util/package.json
229 verbose installManyTop reading scoped package data from /Users/jairo/Desktop/base-FrontEnd-v1.1/node_modules/gulplog/package.json
230 verbose installManyTop reading scoped package data from /Users/jairo/Desktop/base-FrontEnd-v1.1/node_modules/har-validator/package.json
231 verbose installManyTop reading scoped package data from /Users/jairo/Desktop/base-FrontEnd-v1.1/node_modules/has-ansi/package.json
232 verbose installManyTop reading scoped package data from /Users/jairo/Desktop/base-FrontEnd-v1.1/node_modules/has-binary/package.json
233 verbose installManyTop reading scoped package data from /Users/jairo/Desktop/base-FrontEnd-v1.1/node_modules/has-color/package.json
234 verbose installManyTop reading scoped package data from /Users/jairo/Desktop/base-FrontEnd-v1.1/node_modules/has-cors/package.json
235 verbose installManyTop reading scoped package data from /Users/jairo/Desktop/base-FrontEnd-v1.1/node_modules/has-flag/package.json
236 verbose installManyTop reading scoped package data from /Users/jairo/Desktop/base-FrontEnd-v1.1/node_modules/has-gulplog/package.json
237 verbose installManyTop reading scoped package data from /Users/jairo/Desktop/base-FrontEnd-v1.1/node_modules/has-unicode/package.json
238 verbose installManyTop reading scoped package data from /Users/jairo/Desktop/base-FrontEnd-v1.1/node_modules/hawk/package.json
239 verbose installManyTop reading scoped package data from /Users/jairo/Desktop/base-FrontEnd-v1.1/node_modules/hoek/package.json
240 verbose installManyTop reading scoped package data from /Users/jairo/Desktop/base-FrontEnd-v1.1/node_modules/hosted-git-info/package.json
241 verbose installManyTop reading scoped package data from /Users/jairo/Desktop/base-FrontEnd-v1.1/node_modules/html-comment-regex/package.json
242 verbose installManyTop reading scoped package data from /Users/jairo/Desktop/base-FrontEnd-v1.1/node_modules/http-errors/package.json
243 verbose installManyTop reading scoped package data from /Users/jairo/Desktop/base-FrontEnd-v1.1/node_modules/http-proxy/package.json
244 verbose installManyTop reading scoped package data from /Users/jairo/Desktop/base-FrontEnd-v1.1/node_modules/http-signature/package.json
245 verbose installManyTop reading scoped package data from /Users/jairo/Desktop/base-FrontEnd-v1.1/node_modules/imagemin/package.json
246 verbose installManyTop reading scoped package data from /Users/jairo/Desktop/base-FrontEnd-v1.1/node_modules/imagemin-gifsicle/package.json
247 verbose installManyTop reading scoped package data from /Users/jairo/Desktop/base-FrontEnd-v1.1/node_modules/imagemin-jpegtran/package.json
248 verbose installManyTop reading scoped package data from /Users/jairo/Desktop/base-FrontEnd-v1.1/node_modules/imagemin-optipng/package.json
249 verbose installManyTop reading scoped package data from /Users/jairo/Desktop/base-FrontEnd-v1.1/node_modules/imagemin-svgo/package.json
250 verbose installManyTop reading scoped package data from /Users/jairo/Desktop/base-FrontEnd-v1.1/node_modules/immutable/package.json
251 verbose installManyTop reading scoped package data from /Users/jairo/Desktop/base-FrontEnd-v1.1/node_modules/in-publish/package.json
252 verbose installManyTop reading scoped package data from /Users/jairo/Desktop/base-FrontEnd-v1.1/node_modules/indent-string/package.json
253 verbose installManyTop reading scoped package data from /Users/jairo/Desktop/base-FrontEnd-v1.1/node_modules/indexof/package.json
254 verbose installManyTop reading scoped package data from /Users/jairo/Desktop/base-FrontEnd-v1.1/node_modules/inflight/package.json
255 verbose installManyTop reading scoped package data from /Users/jairo/Desktop/base-FrontEnd-v1.1/node_modules/inherits/package.json
256 verbose installManyTop reading scoped package data from /Users/jairo/Desktop/base-FrontEnd-v1.1/node_modules/ini/package.json
257 verbose installManyTop reading scoped package data from /Users/jairo/Desktop/base-FrontEnd-v1.1/node_modules/interpret/package.json
258 verbose installManyTop reading scoped package data from /Users/jairo/Desktop/base-FrontEnd-v1.1/node_modules/invert-kv/package.json
259 verbose installManyTop reading scoped package data from /Users/jairo/Desktop/base-FrontEnd-v1.1/node_modules/ip-regex/package.json
260 verbose installManyTop reading scoped package data from /Users/jairo/Desktop/base-FrontEnd-v1.1/node_modules/irregular-plurals/package.json
261 verbose installManyTop reading scoped package data from /Users/jairo/Desktop/base-FrontEnd-v1.1/node_modules/is-absolute/package.json
262 verbose installManyTop reading scoped package data from /Users/jairo/Desktop/base-FrontEnd-v1.1/node_modules/is-arrayish/package.json
263 verbose installManyTop reading scoped package data from /Users/jairo/Desktop/base-FrontEnd-v1.1/node_modules/is-binary-path/package.json
264 verbose installManyTop reading scoped package data from /Users/jairo/Desktop/base-FrontEnd-v1.1/node_modules/is-buffer/package.json
265 verbose installManyTop reading scoped package data from /Users/jairo/Desktop/base-FrontEnd-v1.1/node_modules/is-builtin-module/package.json
266 verbose installManyTop reading scoped package data from /Users/jairo/Desktop/base-FrontEnd-v1.1/node_modules/is-bzip2/package.json
267 verbose installManyTop reading scoped package data from /Users/jairo/Desktop/base-FrontEnd-v1.1/node_modules/is-dotfile/package.json
268 verbose installManyTop reading scoped package data from /Users/jairo/Desktop/base-FrontEnd-v1.1/node_modules/is-equal-shallow/package.json
269 verbose installManyTop reading scoped package data from /Users/jairo/Desktop/base-FrontEnd-v1.1/node_modules/is-expression/package.json
270 verbose installManyTop reading scoped package data from /Users/jairo/Desktop/base-FrontEnd-v1.1/node_modules/is-extendable/package.json
271 verbose installManyTop reading scoped package data from /Users/jairo/Desktop/base-FrontEnd-v1.1/node_modules/is-extglob/package.json
272 verbose installManyTop reading scoped package data from /Users/jairo/Desktop/base-FrontEnd-v1.1/node_modules/is-finite/package.json
273 verbose installManyTop reading scoped package data from /Users/jairo/Desktop/base-FrontEnd-v1.1/node_modules/is-fullwidth-code-point/package.json
274 verbose installManyTop reading scoped package data from /Users/jairo/Desktop/base-FrontEnd-v1.1/node_modules/is-gif/package.json
275 verbose installManyTop reading scoped package data from /Users/jairo/Desktop/base-FrontEnd-v1.1/node_modules/is-glob/package.json
276 verbose installManyTop reading scoped package data from /Users/jairo/Desktop/base-FrontEnd-v1.1/node_modules/is-gzip/package.json
277 verbose installManyTop reading scoped package data from /Users/jairo/Desktop/base-FrontEnd-v1.1/node_modules/is-jpg/package.json
278 verbose installManyTop reading scoped package data from /Users/jairo/Desktop/base-FrontEnd-v1.1/node_modules/is-my-json-valid/package.json
279 verbose installManyTop reading scoped package data from /Users/jairo/Desktop/base-FrontEnd-v1.1/node_modules/is-natural-number/package.json
280 verbose installManyTop reading scoped package data from /Users/jairo/Desktop/base-FrontEnd-v1.1/node_modules/is-number/package.json
281 verbose installManyTop reading scoped package data from /Users/jairo/Desktop/base-FrontEnd-v1.1/node_modules/is-obj/package.json
282 verbose installManyTop reading scoped package data from /Users/jairo/Desktop/base-FrontEnd-v1.1/node_modules/is-png/package.json
283 verbose installManyTop reading scoped package data from /Users/jairo/Desktop/base-FrontEnd-v1.1/node_modules/is-posix-bracket/package.json
284 verbose installManyTop reading scoped package data from /Users/jairo/Desktop/base-FrontEnd-v1.1/node_modules/is-primitive/package.json
285 verbose installManyTop reading scoped package data from /Users/jairo/Desktop/base-FrontEnd-v1.1/node_modules/is-promise/package.json
286 verbose installManyTop reading scoped package data from /Users/jairo/Desktop/base-FrontEnd-v1.1/node_modules/is-property/package.json
287 verbose installManyTop reading scoped package data from /Users/jairo/Desktop/base-FrontEnd-v1.1/node_modules/is-redirect/package.json
288 verbose installManyTop reading scoped package data from /Users/jairo/Desktop/base-FrontEnd-v1.1/node_modules/is-regex/package.json
289 verbose installManyTop reading scoped package data from /Users/jairo/Desktop/base-FrontEnd-v1.1/node_modules/is-relative/package.json
290 verbose installManyTop reading scoped package data from /Users/jairo/Desktop/base-FrontEnd-v1.1/node_modules/is-retry-allowed/package.json
291 verbose installManyTop reading scoped package data from /Users/jairo/Desktop/base-FrontEnd-v1.1/node_modules/is-stream/package.json
292 verbose installManyTop reading scoped package data from /Users/jairo/Desktop/base-FrontEnd-v1.1/node_modules/is-svg/package.json
293 verbose installManyTop reading scoped package data from /Users/jairo/Desktop/base-FrontEnd-v1.1/node_modules/is-tar/package.json
294 verbose installManyTop reading scoped package data from /Users/jairo/Desktop/base-FrontEnd-v1.1/node_modules/is-typedarray/package.json
295 verbose installManyTop reading scoped package data from /Users/jairo/Desktop/base-FrontEnd-v1.1/node_modules/is-unc-path/package.json
296 verbose installManyTop reading scoped package data from /Users/jairo/Desktop/base-FrontEnd-v1.1/node_modules/is-url/package.json
297 verbose installManyTop reading scoped package data from /Users/jairo/Desktop/base-FrontEnd-v1.1/node_modules/is-utf8/package.json
298 verbose installManyTop reading scoped package data from /Users/jairo/Desktop/base-FrontEnd-v1.1/node_modules/is-valid-glob/package.json
299 verbose installManyTop reading scoped package data from /Users/jairo/Desktop/base-FrontEnd-v1.1/node_modules/is-windows/package.json
300 verbose installManyTop reading scoped package data from /Users/jairo/Desktop/base-FrontEnd-v1.1/node_modules/is-zip/package.json
301 verbose installManyTop reading scoped package data from /Users/jairo/Desktop/base-FrontEnd-v1.1/node_modules/isarray/package.json
302 verbose installManyTop reading scoped package data from /Users/jairo/Desktop/base-FrontEnd-v1.1/node_modules/isexe/package.json
303 verbose installManyTop reading scoped package data from /Users/jairo/Desktop/base-FrontEnd-v1.1/node_modules/isobject/package.json
304 verbose installManyTop reading scoped package data from /Users/jairo/Desktop/base-FrontEnd-v1.1/node_modules/isstream/package.json
305 verbose installManyTop reading scoped package data from /Users/jairo/Desktop/base-FrontEnd-v1.1/node_modules/jodid25519/package.json
306 verbose installManyTop reading scoped package data from /Users/jairo/Desktop/base-FrontEnd-v1.1/node_modules/jpegtran-bin/package.json
307 verbose installManyTop reading scoped package data from /Users/jairo/Desktop/base-FrontEnd-v1.1/node_modules/js-base64/package.json
308 verbose installManyTop reading scoped package data from /Users/jairo/Desktop/base-FrontEnd-v1.1/node_modules/js-stringify/package.json
309 verbose installManyTop reading scoped package data from /Users/jairo/Desktop/base-FrontEnd-v1.1/node_modules/js-yaml/package.json
310 verbose installManyTop reading scoped package data from /Users/jairo/Desktop/base-FrontEnd-v1.1/node_modules/jsbn/package.json
311 verbose installManyTop reading scoped package data from /Users/jairo/Desktop/base-FrontEnd-v1.1/node_modules/json-schema/package.json
312 verbose installManyTop reading scoped package data from /Users/jairo/Desktop/base-FrontEnd-v1.1/node_modules/json-stable-stringify/package.json
313 verbose installManyTop reading scoped package data from /Users/jairo/Desktop/base-FrontEnd-v1.1/node_modules/json-stringify-safe/package.json
314 verbose installManyTop reading scoped package data from /Users/jairo/Desktop/base-FrontEnd-v1.1/node_modules/json3/package.json
315 verbose installManyTop reading scoped package data from /Users/jairo/Desktop/base-FrontEnd-v1.1/node_modules/jsonfile/package.json
316 verbose installManyTop reading scoped package data from /Users/jairo/Desktop/base-FrontEnd-v1.1/node_modules/jsonify/package.json
317 verbose installManyTop reading scoped package data from /Users/jairo/Desktop/base-FrontEnd-v1.1/node_modules/jsonpointer/package.json
318 verbose installManyTop reading scoped package data from /Users/jairo/Desktop/base-FrontEnd-v1.1/node_modules/jsprim/package.json
319 verbose installManyTop reading scoped package data from /Users/jairo/Desktop/base-FrontEnd-v1.1/node_modules/jstransformer/package.json
320 verbose installManyTop reading scoped package data from /Users/jairo/Desktop/base-FrontEnd-v1.1/node_modules/kind-of/package.json
321 verbose installManyTop reading scoped package data from /Users/jairo/Desktop/base-FrontEnd-v1.1/node_modules/klaw/package.json
322 verbose installManyTop reading scoped package data from /Users/jairo/Desktop/base-FrontEnd-v1.1/node_modules/lazy-cache/package.json
323 verbose installManyTop reading scoped package data from /Users/jairo/Desktop/base-FrontEnd-v1.1/node_modules/lazy-req/package.json
324 verbose installManyTop reading scoped package data from /Users/jairo/Desktop/base-FrontEnd-v1.1/node_modules/lazystream/package.json
325 verbose installManyTop reading scoped package data from /Users/jairo/Desktop/base-FrontEnd-v1.1/node_modules/lcid/package.json
326 verbose installManyTop reading scoped package data from /Users/jairo/Desktop/base-FrontEnd-v1.1/node_modules/liftoff/package.json
327 verbose installManyTop reading scoped package data from /Users/jairo/Desktop/base-FrontEnd-v1.1/node_modules/limiter/package.json
328 verbose installManyTop reading scoped package data from /Users/jairo/Desktop/base-FrontEnd-v1.1/node_modules/load-json-file/package.json
329 verbose installManyTop reading scoped package data from /Users/jairo/Desktop/base-FrontEnd-v1.1/node_modules/localtunnel/package.json
330 verbose installManyTop reading scoped package data from /Users/jairo/Desktop/base-FrontEnd-v1.1/node_modules/lodash/package.json
331 verbose installManyTop reading scoped package data from /Users/jairo/Desktop/base-FrontEnd-v1.1/node_modules/lodash._basecopy/package.json
332 verbose installManyTop reading scoped package data from /Users/jairo/Desktop/base-FrontEnd-v1.1/node_modules/lodash._basetostring/package.json
333 verbose installManyTop reading scoped package data from /Users/jairo/Desktop/base-FrontEnd-v1.1/node_modules/lodash._basevalues/package.json
334 verbose installManyTop reading scoped package data from /Users/jairo/Desktop/base-FrontEnd-v1.1/node_modules/lodash._getnative/package.json
335 verbose installManyTop reading scoped package data from /Users/jairo/Desktop/base-FrontEnd-v1.1/node_modules/lodash._isiterateecall/package.json
336 verbose installManyTop reading scoped package data from /Users/jairo/Desktop/base-FrontEnd-v1.1/node_modules/lodash._reescape/package.json
337 verbose installManyTop reading scoped package data from /Users/jairo/Desktop/base-FrontEnd-v1.1/node_modules/lodash._reevaluate/package.json
338 verbose installManyTop reading scoped package data from /Users/jairo/Desktop/base-FrontEnd-v1.1/node_modules/lodash._reinterpolate/package.json
339 verbose installManyTop reading scoped package data from /Users/jairo/Desktop/base-FrontEnd-v1.1/node_modules/lodash._root/package.json
340 verbose installManyTop reading scoped package data from /Users/jairo/Desktop/base-FrontEnd-v1.1/node_modules/lodash.assign/package.json
341 verbose installManyTop reading scoped package data from /Users/jairo/Desktop/base-FrontEnd-v1.1/node_modules/lodash.assignwith/package.json
342 verbose installManyTop reading scoped package data from /Users/jairo/Desktop/base-FrontEnd-v1.1/node_modules/lodash.clonedeep/package.json
343 verbose installManyTop reading scoped package data from /Users/jairo/Desktop/base-FrontEnd-v1.1/node_modules/lodash.escape/package.json
344 verbose installManyTop reading scoped package data from /Users/jairo/Desktop/base-FrontEnd-v1.1/node_modules/lodash.isarguments/package.json
345 verbose installManyTop reading scoped package data from /Users/jairo/Desktop/base-FrontEnd-v1.1/node_modules/lodash.isarray/package.json
346 verbose installManyTop reading scoped package data from /Users/jairo/Desktop/base-FrontEnd-v1.1/node_modules/lodash.isempty/package.json
347 verbose installManyTop reading scoped package data from /Users/jairo/Desktop/base-FrontEnd-v1.1/node_modules/lodash.isequal/package.json
348 verbose installManyTop reading scoped package data from /Users/jairo/Desktop/base-FrontEnd-v1.1/node_modules/lodash.isplainobject/package.json
349 verbose installManyTop reading scoped package data from /Users/jairo/Desktop/base-FrontEnd-v1.1/node_modules/lodash.isstring/package.json
350 verbose installManyTop reading scoped package data from /Users/jairo/Desktop/base-FrontEnd-v1.1/node_modules/lodash.keys/package.json
351 verbose installManyTop reading scoped package data from /Users/jairo/Desktop/base-FrontEnd-v1.1/node_modules/lodash.mapvalues/package.json
352 verbose installManyTop reading scoped package data from /Users/jairo/Desktop/base-FrontEnd-v1.1/node_modules/lodash.pick/package.json
353 verbose installManyTop reading scoped package data from /Users/jairo/Desktop/base-FrontEnd-v1.1/node_modules/lodash.restparam/package.json
354 verbose installManyTop reading scoped package data from /Users/jairo/Desktop/base-FrontEnd-v1.1/node_modules/lodash.template/package.json
355 verbose installManyTop reading scoped package data from /Users/jairo/Desktop/base-FrontEnd-v1.1/node_modules/lodash.templatesettings/package.json
356 verbose installManyTop reading scoped package data from /Users/jairo/Desktop/base-FrontEnd-v1.1/node_modules/logalot/package.json
357 verbose installManyTop reading scoped package data from /Users/jairo/Desktop/base-FrontEnd-v1.1/node_modules/longest/package.json
358 verbose installManyTop reading scoped package data from /Users/jairo/Desktop/base-FrontEnd-v1.1/node_modules/loud-rejection/package.json
359 verbose installManyTop reading scoped package data from /Users/jairo/Desktop/base-FrontEnd-v1.1/node_modules/lowercase-keys/package.json
360 verbose installManyTop reading scoped package data from /Users/jairo/Desktop/base-FrontEnd-v1.1/node_modules/lpad/package.json
361 verbose installManyTop reading scoped package data from /Users/jairo/Desktop/base-FrontEnd-v1.1/node_modules/lpad-align/package.json
362 verbose installManyTop reading scoped package data from /Users/jairo/Desktop/base-FrontEnd-v1.1/node_modules/lru-cache/package.json
363 verbose installManyTop reading scoped package data from /Users/jairo/Desktop/base-FrontEnd-v1.1/node_modules/map-cache/package.json
364 verbose installManyTop reading scoped package data from /Users/jairo/Desktop/base-FrontEnd-v1.1/node_modules/map-obj/package.json
365 verbose installManyTop reading scoped package data from /Users/jairo/Desktop/base-FrontEnd-v1.1/node_modules/meow/package.json
366 verbose installManyTop reading scoped package data from /Users/jairo/Desktop/base-FrontEnd-v1.1/node_modules/merge-stream/package.json
367 verbose installManyTop reading scoped package data from /Users/jairo/Desktop/base-FrontEnd-v1.1/node_modules/micromatch/package.json
368 verbose installManyTop reading scoped package data from /Users/jairo/Desktop/base-FrontEnd-v1.1/node_modules/mime/package.json
369 verbose installManyTop reading scoped package data from /Users/jairo/Desktop/base-FrontEnd-v1.1/node_modules/mime-db/package.json
370 verbose installManyTop reading scoped package data from /Users/jairo/Desktop/base-FrontEnd-v1.1/node_modules/mime-types/package.json
371 verbose installManyTop reading scoped package data from /Users/jairo/Desktop/base-FrontEnd-v1.1/node_modules/minimatch/package.json
372 verbose installManyTop reading scoped package data from /Users/jairo/Desktop/base-FrontEnd-v1.1/node_modules/minimist/package.json
373 verbose installManyTop reading scoped package data from /Users/jairo/Desktop/base-FrontEnd-v1.1/node_modules/mkdirp/package.json
374 verbose installManyTop reading scoped package data from /Users/jairo/Desktop/base-FrontEnd-v1.1/node_modules/ms/package.json
375 verbose installManyTop reading scoped package data from /Users/jairo/Desktop/base-FrontEnd-v1.1/node_modules/multipipe/package.json
376 verbose installManyTop reading scoped package data from /Users/jairo/Desktop/base-FrontEnd-v1.1/node_modules/nan/package.json
377 verbose installManyTop reading scoped package data from /Users/jairo/Desktop/base-FrontEnd-v1.1/node_modules/natives/package.json
378 verbose installManyTop reading scoped package data from /Users/jairo/Desktop/base-FrontEnd-v1.1/node_modules/negotiator/package.json
379 verbose installManyTop reading scoped package data from /Users/jairo/Desktop/base-FrontEnd-v1.1/node_modules/node-gyp/package.json
380 verbose installManyTop reading scoped package data from /Users/jairo/Desktop/base-FrontEnd-v1.1/node_modules/node-sass/package.json
381 verbose installManyTop reading scoped package data from /Users/jairo/Desktop/base-FrontEnd-v1.1/node_modules/node-status-codes/package.json
382 verbose installManyTop reading scoped package data from /Users/jairo/Desktop/base-FrontEnd-v1.1/node_modules/node-uuid/package.json
383 verbose installManyTop reading scoped package data from /Users/jairo/Desktop/base-FrontEnd-v1.1/node_modules/nopt/package.json
384 verbose installManyTop reading scoped package data from /Users/jairo/Desktop/base-FrontEnd-v1.1/node_modules/normalize-package-data/package.json
385 verbose installManyTop reading scoped package data from /Users/jairo/Desktop/base-FrontEnd-v1.1/node_modules/normalize-path/package.json
386 verbose installManyTop reading scoped package data from /Users/jairo/Desktop/base-FrontEnd-v1.1/node_modules/normalize-range/package.json
387 verbose installManyTop reading scoped package data from /Users/jairo/Desktop/base-FrontEnd-v1.1/node_modules/npm-run-path/package.json
388 verbose installManyTop reading scoped package data from /Users/jairo/Desktop/base-FrontEnd-v1.1/node_modules/npmlog/package.json
389 verbose installManyTop reading scoped package data from /Users/jairo/Desktop/base-FrontEnd-v1.1/node_modules/num2fraction/package.json
390 verbose installManyTop reading scoped package data from /Users/jairo/Desktop/base-FrontEnd-v1.1/node_modules/number-is-nan/package.json
391 verbose installManyTop reading scoped package data from /Users/jairo/Desktop/base-FrontEnd-v1.1/node_modules/oauth-sign/package.json
392 verbose installManyTop reading scoped package data from /Users/jairo/Desktop/base-FrontEnd-v1.1/node_modules/object-assign/package.json
393 verbose installManyTop reading scoped package data from /Users/jairo/Desktop/base-FrontEnd-v1.1/node_modules/object-component/package.json
394 verbose installManyTop reading scoped package data from /Users/jairo/Desktop/base-FrontEnd-v1.1/node_modules/object-path/package.json
395 verbose installManyTop reading scoped package data from /Users/jairo/Desktop/base-FrontEnd-v1.1/node_modules/object.omit/package.json
396 verbose installManyTop reading scoped package data from /Users/jairo/Desktop/base-FrontEnd-v1.1/node_modules/on-finished/package.json
397 verbose installManyTop reading scoped package data from /Users/jairo/Desktop/base-FrontEnd-v1.1/node_modules/once/package.json
398 verbose installManyTop reading scoped package data from /Users/jairo/Desktop/base-FrontEnd-v1.1/node_modules/onetime/package.json
399 verbose installManyTop reading scoped package data from /Users/jairo/Desktop/base-FrontEnd-v1.1/node_modules/openurl/package.json
400 verbose installManyTop reading scoped package data from /Users/jairo/Desktop/base-FrontEnd-v1.1/node_modules/opn/package.json
401 verbose installManyTop reading scoped package data from /Users/jairo/Desktop/base-FrontEnd-v1.1/node_modules/options/package.json
402 verbose installManyTop reading scoped package data from /Users/jairo/Desktop/base-FrontEnd-v1.1/node_modules/optipng-bin/package.json
403 verbose installManyTop reading scoped package data from /Users/jairo/Desktop/base-FrontEnd-v1.1/node_modules/orchestrator/package.json
404 verbose installManyTop reading scoped package data from /Users/jairo/Desktop/base-FrontEnd-v1.1/node_modules/ordered-read-streams/package.json
405 verbose installManyTop reading scoped package data from /Users/jairo/Desktop/base-FrontEnd-v1.1/node_modules/os-filter-obj/package.json
406 verbose installManyTop reading scoped package data from /Users/jairo/Desktop/base-FrontEnd-v1.1/node_modules/os-homedir/package.json
407 verbose installManyTop reading scoped package data from /Users/jairo/Desktop/base-FrontEnd-v1.1/node_modules/os-locale/package.json
408 verbose installManyTop reading scoped package data from /Users/jairo/Desktop/base-FrontEnd-v1.1/node_modules/os-tmpdir/package.json
409 verbose installManyTop reading scoped package data from /Users/jairo/Desktop/base-FrontEnd-v1.1/node_modules/osenv/package.json
410 verbose installManyTop reading scoped package data from /Users/jairo/Desktop/base-FrontEnd-v1.1/node_modules/p-finally/package.json
411 verbose installManyTop reading scoped package data from /Users/jairo/Desktop/base-FrontEnd-v1.1/node_modules/parse-filepath/package.json
412 verbose installManyTop reading scoped package data from /Users/jairo/Desktop/base-FrontEnd-v1.1/node_modules/parse-glob/package.json
413 verbose installManyTop reading scoped package data from /Users/jairo/Desktop/base-FrontEnd-v1.1/node_modules/parse-json/package.json
414 verbose installManyTop reading scoped package data from /Users/jairo/Desktop/base-FrontEnd-v1.1/node_modules/parsejson/package.json
415 verbose installManyTop reading scoped package data from /Users/jairo/Desktop/base-FrontEnd-v1.1/node_modules/parseqs/package.json
416 verbose installManyTop reading scoped package data from /Users/jairo/Desktop/base-FrontEnd-v1.1/node_modules/parseuri/package.json
417 verbose installManyTop reading scoped package data from /Users/jairo/Desktop/base-FrontEnd-v1.1/node_modules/parseurl/package.json
418 verbose installManyTop reading scoped package data from /Users/jairo/Desktop/base-FrontEnd-v1.1/node_modules/path-array/package.json
419 verbose installManyTop reading scoped package data from /Users/jairo/Desktop/base-FrontEnd-v1.1/node_modules/path-dirname/package.json
420 verbose installManyTop reading scoped package data from /Users/jairo/Desktop/base-FrontEnd-v1.1/node_modules/path-exists/package.json
421 verbose installManyTop reading scoped package data from /Users/jairo/Desktop/base-FrontEnd-v1.1/node_modules/path-is-absolute/package.json
422 verbose installManyTop reading scoped package data from /Users/jairo/Desktop/base-FrontEnd-v1.1/node_modules/path-key/package.json
423 verbose installManyTop reading scoped package data from /Users/jairo/Desktop/base-FrontEnd-v1.1/node_modules/path-root/package.json
424 verbose installManyTop reading scoped package data from /Users/jairo/Desktop/base-FrontEnd-v1.1/node_modules/path-root-regex/package.json
425 verbose installManyTop reading scoped package data from /Users/jairo/Desktop/base-FrontEnd-v1.1/node_modules/path-type/package.json
426 verbose installManyTop reading scoped package data from /Users/jairo/Desktop/base-FrontEnd-v1.1/node_modules/pend/package.json
427 verbose installManyTop reading scoped package data from /Users/jairo/Desktop/base-FrontEnd-v1.1/node_modules/pify/package.json
428 verbose installManyTop reading scoped package data from /Users/jairo/Desktop/base-FrontEnd-v1.1/node_modules/pinkie/package.json
429 verbose installManyTop reading scoped package data from /Users/jairo/Desktop/base-FrontEnd-v1.1/node_modules/pinkie-promise/package.json
430 verbose installManyTop reading scoped package data from /Users/jairo/Desktop/base-FrontEnd-v1.1/node_modules/plur/package.json
431 verbose installManyTop reading scoped package data from /Users/jairo/Desktop/base-FrontEnd-v1.1/node_modules/portscanner/package.json
432 verbose installManyTop reading scoped package data from /Users/jairo/Desktop/base-FrontEnd-v1.1/node_modules/postcss/package.json
433 verbose installManyTop reading scoped package data from /Users/jairo/Desktop/base-FrontEnd-v1.1/node_modules/postcss-value-parser/package.json
434 verbose installManyTop reading scoped package data from /Users/jairo/Desktop/base-FrontEnd-v1.1/node_modules/prepend-http/package.json
435 verbose installManyTop reading scoped package data from /Users/jairo/Desktop/base-FrontEnd-v1.1/node_modules/preserve/package.json
436 verbose installManyTop reading scoped package data from /Users/jairo/Desktop/base-FrontEnd-v1.1/node_modules/pretty-bytes/package.json
437 verbose installManyTop reading scoped package data from /Users/jairo/Desktop/base-FrontEnd-v1.1/node_modules/pretty-hrtime/package.json
438 verbose installManyTop reading scoped package data from /Users/jairo/Desktop/base-FrontEnd-v1.1/node_modules/process-nextick-args/package.json
439 verbose installManyTop reading scoped package data from /Users/jairo/Desktop/base-FrontEnd-v1.1/node_modules/promise/package.json
440 verbose installManyTop reading scoped package data from /Users/jairo/Desktop/base-FrontEnd-v1.1/node_modules/promise.pipe/package.json
441 verbose installManyTop reading scoped package data from /Users/jairo/Desktop/base-FrontEnd-v1.1/node_modules/pseudomap/package.json
442 verbose installManyTop reading scoped package data from /Users/jairo/Desktop/base-FrontEnd-v1.1/node_modules/pug/package.json
443 verbose installManyTop reading scoped package data from /Users/jairo/Desktop/base-FrontEnd-v1.1/node_modules/pug-attrs/package.json
444 verbose installManyTop reading scoped package data from /Users/jairo/Desktop/base-FrontEnd-v1.1/node_modules/pug-code-gen/package.json
445 verbose installManyTop reading scoped package data from /Users/jairo/Desktop/base-FrontEnd-v1.1/node_modules/pug-error/package.json
446 verbose installManyTop reading scoped package data from /Users/jairo/Desktop/base-FrontEnd-v1.1/node_modules/pug-filters/package.json
447 verbose installManyTop reading scoped package data from /Users/jairo/Desktop/base-FrontEnd-v1.1/node_modules/pug-lexer/package.json
448 verbose installManyTop reading scoped package data from /Users/jairo/Desktop/base-FrontEnd-v1.1/node_modules/pug-linker/package.json
449 verbose installManyTop reading scoped package data from /Users/jairo/Desktop/base-FrontEnd-v1.1/node_modules/pug-load/package.json
450 verbose installManyTop reading scoped package data from /Users/jairo/Desktop/base-FrontEnd-v1.1/node_modules/pug-parser/package.json
451 verbose installManyTop reading scoped package data from /Users/jairo/Desktop/base-FrontEnd-v1.1/node_modules/pug-runtime/package.json
452 verbose installManyTop reading scoped package data from /Users/jairo/Desktop/base-FrontEnd-v1.1/node_modules/pug-strip-comments/package.json
453 verbose installManyTop reading scoped package data from /Users/jairo/Desktop/base-FrontEnd-v1.1/node_modules/pug-walk/package.json
454 verbose installManyTop reading scoped package data from /Users/jairo/Desktop/base-FrontEnd-v1.1/node_modules/punycode/package.json
455 verbose installManyTop reading scoped package data from /Users/jairo/Desktop/base-FrontEnd-v1.1/node_modules/q/package.json
456 verbose installManyTop reading scoped package data from /Users/jairo/Desktop/base-FrontEnd-v1.1/node_modules/qs/package.json
457 verbose installManyTop reading scoped package data from /Users/jairo/Desktop/base-FrontEnd-v1.1/node_modules/randomatic/package.json
458 verbose installManyTop reading scoped package data from /Users/jairo/Desktop/base-FrontEnd-v1.1/node_modules/range-parser/package.json
459 verbose installManyTop reading scoped package data from /Users/jairo/Desktop/base-FrontEnd-v1.1/node_modules/rc/package.json
460 verbose installManyTop reading scoped package data from /Users/jairo/Desktop/base-FrontEnd-v1.1/node_modules/read-all-stream/package.json
461 verbose installManyTop reading scoped package data from /Users/jairo/Desktop/base-FrontEnd-v1.1/node_modules/read-pkg/package.json
462 verbose installManyTop reading scoped package data from /Users/jairo/Desktop/base-FrontEnd-v1.1/node_modules/read-pkg-up/package.json
463 verbose installManyTop reading scoped package data from /Users/jairo/Desktop/base-FrontEnd-v1.1/node_modules/readable-stream/package.json
464 verbose installManyTop reading scoped package data from /Users/jairo/Desktop/base-FrontEnd-v1.1/node_modules/readdirp/package.json
465 verbose installManyTop reading scoped package data from /Users/jairo/Desktop/base-FrontEnd-v1.1/node_modules/rechoir/package.json
466 verbose installManyTop reading scoped package data from /Users/jairo/Desktop/base-FrontEnd-v1.1/node_modules/redent/package.json
467 verbose installManyTop reading scoped package data from /Users/jairo/Desktop/base-FrontEnd-v1.1/node_modules/regex-cache/package.json
468 verbose installManyTop reading scoped package data from /Users/jairo/Desktop/base-FrontEnd-v1.1/node_modules/repeat-element/package.json
469 verbose installManyTop reading scoped package data from /Users/jairo/Desktop/base-FrontEnd-v1.1/node_modules/repeat-string/package.json
470 verbose installManyTop reading scoped package data from /Users/jairo/Desktop/base-FrontEnd-v1.1/node_modules/repeating/package.json
471 verbose installManyTop reading scoped package data from /Users/jairo/Desktop/base-FrontEnd-v1.1/node_modules/replace-ext/package.json
472 verbose installManyTop reading scoped package data from /Users/jairo/Desktop/base-FrontEnd-v1.1/node_modules/request/package.json
473 verbose installManyTop reading scoped package data from /Users/jairo/Desktop/base-FrontEnd-v1.1/node_modules/require-directory/package.json
474 verbose installManyTop reading scoped package data from /Users/jairo/Desktop/base-FrontEnd-v1.1/node_modules/require-main-filename/package.json
475 verbose installManyTop reading scoped package data from /Users/jairo/Desktop/base-FrontEnd-v1.1/node_modules/requires-port/package.json
476 verbose installManyTop reading scoped package data from /Users/jairo/Desktop/base-FrontEnd-v1.1/node_modules/resolve/package.json
477 verbose installManyTop reading scoped package data from /Users/jairo/Desktop/base-FrontEnd-v1.1/node_modules/resolve-dir/package.json
478 verbose installManyTop reading scoped package data from /Users/jairo/Desktop/base-FrontEnd-v1.1/node_modules/resp-modifier/package.json
479 verbose installManyTop reading scoped package data from /Users/jairo/Desktop/base-FrontEnd-v1.1/node_modules/right-align/package.json
480 verbose installManyTop reading scoped package data from /Users/jairo/Desktop/base-FrontEnd-v1.1/node_modules/rimraf/package.json
481 verbose installManyTop reading scoped package data from /Users/jairo/Desktop/base-FrontEnd-v1.1/node_modules/rx/package.json
482 verbose installManyTop reading scoped package data from /Users/jairo/Desktop/base-FrontEnd-v1.1/node_modules/sass-graph/package.json
483 verbose installManyTop reading scoped package data from /Users/jairo/Desktop/base-FrontEnd-v1.1/node_modules/sax/package.json
484 verbose installManyTop reading scoped package data from /Users/jairo/Desktop/base-FrontEnd-v1.1/node_modules/seek-bzip/package.json
485 verbose installManyTop reading scoped package data from /Users/jairo/Desktop/base-FrontEnd-v1.1/node_modules/semver/package.json
486 verbose installManyTop reading scoped package data from /Users/jairo/Desktop/base-FrontEnd-v1.1/node_modules/semver-regex/package.json
487 verbose installManyTop reading scoped package data from /Users/jairo/Desktop/base-FrontEnd-v1.1/node_modules/semver-truncate/package.json
488 verbose installManyTop reading scoped package data from /Users/jairo/Desktop/base-FrontEnd-v1.1/node_modules/send/package.json
489 verbose installManyTop reading scoped package data from /Users/jairo/Desktop/base-FrontEnd-v1.1/node_modules/sequencify/package.json
490 verbose installManyTop reading scoped package data from /Users/jairo/Desktop/base-FrontEnd-v1.1/node_modules/serve-index/package.json
491 verbose installManyTop reading scoped package data from /Users/jairo/Desktop/base-FrontEnd-v1.1/node_modules/serve-static/package.json
492 verbose installManyTop reading scoped package data from /Users/jairo/Desktop/base-FrontEnd-v1.1/node_modules/server-destroy/package.json
493 verbose installManyTop reading scoped package data from /Users/jairo/Desktop/base-FrontEnd-v1.1/node_modules/set-blocking/package.json
494 verbose installManyTop reading scoped package data from /Users/jairo/Desktop/base-FrontEnd-v1.1/node_modules/set-immediate-shim/package.json
495 verbose installManyTop reading scoped package data from /Users/jairo/Desktop/base-FrontEnd-v1.1/node_modules/setprototypeof/package.json
496 verbose installManyTop reading scoped package data from /Users/jairo/Desktop/base-FrontEnd-v1.1/node_modules/sigmund/package.json
497 verbose installManyTop reading scoped package data from /Users/jairo/Desktop/base-FrontEnd-v1.1/node_modules/signal-exit/package.json
498 verbose installManyTop reading scoped package data from /Users/jairo/Desktop/base-FrontEnd-v1.1/node_modules/sntp/package.json
499 verbose installManyTop reading scoped package data from /Users/jairo/Desktop/base-FrontEnd-v1.1/node_modules/socket.io/package.json
500 verbose installManyTop reading scoped package data from /Users/jairo/Desktop/base-FrontEnd-v1.1/node_modules/socket.io-adapter/package.json
501 verbose installManyTop reading scoped package data from /Users/jairo/Desktop/base-FrontEnd-v1.1/node_modules/socket.io-client/package.json
502 verbose installManyTop reading scoped package data from /Users/jairo/Desktop/base-FrontEnd-v1.1/node_modules/socket.io-parser/package.json
503 verbose installManyTop reading scoped package data from /Users/jairo/Desktop/base-FrontEnd-v1.1/node_modules/source-map/package.json
504 verbose installManyTop reading scoped package data from /Users/jairo/Desktop/base-FrontEnd-v1.1/node_modules/sparkles/package.json
505 verbose installManyTop reading scoped package data from /Users/jairo/Desktop/base-FrontEnd-v1.1/node_modules/spdx-correct/package.json
506 verbose installManyTop reading scoped package data from /Users/jairo/Desktop/base-FrontEnd-v1.1/node_modules/spdx-expression-parse/package.json
507 verbose installManyTop reading scoped package data from /Users/jairo/Desktop/base-FrontEnd-v1.1/node_modules/spdx-license-ids/package.json
508 verbose installManyTop reading scoped package data from /Users/jairo/Desktop/base-FrontEnd-v1.1/node_modules/sprintf-js/package.json
509 verbose installManyTop reading scoped package data from /Users/jairo/Desktop/base-FrontEnd-v1.1/node_modules/squeak/package.json
510 verbose installManyTop reading scoped package data from /Users/jairo/Desktop/base-FrontEnd-v1.1/node_modules/sshpk/package.json
511 verbose installManyTop reading scoped package data from /Users/jairo/Desktop/base-FrontEnd-v1.1/node_modules/stat-mode/package.json
512 verbose installManyTop reading scoped package data from /Users/jairo/Desktop/base-FrontEnd-v1.1/node_modules/statuses/package.json
513 verbose installManyTop reading scoped package data from /Users/jairo/Desktop/base-FrontEnd-v1.1/node_modules/stream-combiner2/package.json
514 verbose installManyTop reading scoped package data from /Users/jairo/Desktop/base-FrontEnd-v1.1/node_modules/stream-consume/package.json
515 verbose installManyTop reading scoped package data from /Users/jairo/Desktop/base-FrontEnd-v1.1/node_modules/stream-shift/package.json
516 verbose installManyTop reading scoped package data from /Users/jairo/Desktop/base-FrontEnd-v1.1/node_modules/stream-throttle/package.json
517 verbose installManyTop reading scoped package data from /Users/jairo/Desktop/base-FrontEnd-v1.1/node_modules/string-width/package.json
518 verbose installManyTop reading scoped package data from /Users/jairo/Desktop/base-FrontEnd-v1.1/node_modules/string_decoder/package.json
519 verbose installManyTop reading scoped package data from /Users/jairo/Desktop/base-FrontEnd-v1.1/node_modules/stringstream/package.json
520 verbose installManyTop reading scoped package data from /Users/jairo/Desktop/base-FrontEnd-v1.1/node_modules/strip-ansi/package.json
521 verbose installManyTop reading scoped package data from /Users/jairo/Desktop/base-FrontEnd-v1.1/node_modules/strip-bom/package.json
522 verbose installManyTop reading scoped package data from /Users/jairo/Desktop/base-FrontEnd-v1.1/node_modules/strip-bom-stream/package.json
523 verbose installManyTop reading scoped package data from /Users/jairo/Desktop/base-FrontEnd-v1.1/node_modules/strip-dirs/package.json
524 verbose installManyTop reading scoped package data from /Users/jairo/Desktop/base-FrontEnd-v1.1/node_modules/strip-eof/package.json
525 verbose installManyTop reading scoped package data from /Users/jairo/Desktop/base-FrontEnd-v1.1/node_modules/strip-indent/package.json
526 verbose installManyTop reading scoped package data from /Users/jairo/Desktop/base-FrontEnd-v1.1/node_modules/strip-json-comments/package.json
527 verbose installManyTop reading scoped package data from /Users/jairo/Desktop/base-FrontEnd-v1.1/node_modules/strip-outer/package.json
528 verbose installManyTop reading scoped package data from /Users/jairo/Desktop/base-FrontEnd-v1.1/node_modules/sum-up/package.json
529 verbose installManyTop reading scoped package data from /Users/jairo/Desktop/base-FrontEnd-v1.1/node_modules/supports-color/package.json
530 verbose installManyTop reading scoped package data from /Users/jairo/Desktop/base-FrontEnd-v1.1/node_modules/svgo/package.json
531 verbose installManyTop reading scoped package data from /Users/jairo/Desktop/base-FrontEnd-v1.1/node_modules/tar/package.json
532 verbose installManyTop reading scoped package data from /Users/jairo/Desktop/base-FrontEnd-v1.1/node_modules/tar-stream/package.json
533 verbose installManyTop reading scoped package data from /Users/jairo/Desktop/base-FrontEnd-v1.1/node_modules/tempfile/package.json
534 verbose installManyTop reading scoped package data from /Users/jairo/Desktop/base-FrontEnd-v1.1/node_modules/tfunk/package.json
535 verbose installManyTop reading scoped package data from /Users/jairo/Desktop/base-FrontEnd-v1.1/node_modules/through2/package.json
536 verbose installManyTop reading scoped package data from /Users/jairo/Desktop/base-FrontEnd-v1.1/node_modules/through2-concurrent/package.json
537 verbose installManyTop reading scoped package data from /Users/jairo/Desktop/base-FrontEnd-v1.1/node_modules/through2-filter/package.json
538 verbose installManyTop reading scoped package data from /Users/jairo/Desktop/base-FrontEnd-v1.1/node_modules/tildify/package.json
539 verbose installManyTop reading scoped package data from /Users/jairo/Desktop/base-FrontEnd-v1.1/node_modules/time-stamp/package.json
540 verbose installManyTop reading scoped package data from /Users/jairo/Desktop/base-FrontEnd-v1.1/node_modules/timed-out/package.json
541 verbose installManyTop reading scoped package data from /Users/jairo/Desktop/base-FrontEnd-v1.1/node_modules/to-absolute-glob/package.json
542 verbose installManyTop reading scoped package data from /Users/jairo/Desktop/base-FrontEnd-v1.1/node_modules/to-array/package.json
543 verbose installManyTop reading scoped package data from /Users/jairo/Desktop/base-FrontEnd-v1.1/node_modules/token-stream/package.json
544 verbose installManyTop reading scoped package data from /Users/jairo/Desktop/base-FrontEnd-v1.1/node_modules/tough-cookie/package.json
545 verbose installManyTop reading scoped package data from /Users/jairo/Desktop/base-FrontEnd-v1.1/node_modules/trim-newlines/package.json
546 verbose installManyTop reading scoped package data from /Users/jairo/Desktop/base-FrontEnd-v1.1/node_modules/trim-repeated/package.json
547 verbose installManyTop reading scoped package data from /Users/jairo/Desktop/base-FrontEnd-v1.1/node_modules/tunnel-agent/package.json
548 verbose installManyTop reading scoped package data from /Users/jairo/Desktop/base-FrontEnd-v1.1/node_modules/tweetnacl/package.json
549 verbose installManyTop reading scoped package data from /Users/jairo/Desktop/base-FrontEnd-v1.1/node_modules/typedarray/package.json
550 verbose installManyTop reading scoped package data from /Users/jairo/Desktop/base-FrontEnd-v1.1/node_modules/ua-parser-js/package.json
551 verbose installManyTop reading scoped package data from /Users/jairo/Desktop/base-FrontEnd-v1.1/node_modules/uglify-js/package.json
552 verbose installManyTop reading scoped package data from /Users/jairo/Desktop/base-FrontEnd-v1.1/node_modules/uglify-to-browserify/package.json
553 verbose installManyTop reading scoped package data from /Users/jairo/Desktop/base-FrontEnd-v1.1/node_modules/ultron/package.json
554 verbose installManyTop reading scoped package data from /Users/jairo/Desktop/base-FrontEnd-v1.1/node_modules/unc-path-regex/package.json
555 verbose installManyTop reading scoped package data from /Users/jairo/Desktop/base-FrontEnd-v1.1/node_modules/underscore/package.json
556 verbose installManyTop reading scoped package data from /Users/jairo/Desktop/base-FrontEnd-v1.1/node_modules/unique-stream/package.json
557 verbose installManyTop reading scoped package data from /Users/jairo/Desktop/base-FrontEnd-v1.1/node_modules/unpipe/package.json
558 verbose installManyTop reading scoped package data from /Users/jairo/Desktop/base-FrontEnd-v1.1/node_modules/unzip-response/package.json
559 verbose installManyTop reading scoped package data from /Users/jairo/Desktop/base-FrontEnd-v1.1/node_modules/url-parse-lax/package.json
560 verbose installManyTop reading scoped package data from /Users/jairo/Desktop/base-FrontEnd-v1.1/node_modules/url-regex/package.json
561 verbose installManyTop reading scoped package data from /Users/jairo/Desktop/base-FrontEnd-v1.1/node_modules/user-home/package.json
562 verbose installManyTop reading scoped package data from /Users/jairo/Desktop/base-FrontEnd-v1.1/node_modules/util-deprecate/package.json
563 verbose installManyTop reading scoped package data from /Users/jairo/Desktop/base-FrontEnd-v1.1/node_modules/utils-merge/package.json
564 verbose installManyTop reading scoped package data from /Users/jairo/Desktop/base-FrontEnd-v1.1/node_modules/uuid/package.json
565 verbose installManyTop reading scoped package data from /Users/jairo/Desktop/base-FrontEnd-v1.1/node_modules/v8flags/package.json
566 verbose installManyTop reading scoped package data from /Users/jairo/Desktop/base-FrontEnd-v1.1/node_modules/vali-date/package.json
567 verbose installManyTop reading scoped package data from /Users/jairo/Desktop/base-FrontEnd-v1.1/node_modules/validate-npm-package-license/package.json
568 verbose installManyTop reading scoped package data from /Users/jairo/Desktop/base-FrontEnd-v1.1/node_modules/verror/package.json
569 verbose installManyTop reading scoped package data from /Users/jairo/Desktop/base-FrontEnd-v1.1/node_modules/vinyl/package.json
570 verbose installManyTop reading scoped package data from /Users/jairo/Desktop/base-FrontEnd-v1.1/node_modules/vinyl-assign/package.json
571 verbose installManyTop reading scoped package data from /Users/jairo/Desktop/base-FrontEnd-v1.1/node_modules/vinyl-fs/package.json
572 verbose installManyTop reading scoped package data from /Users/jairo/Desktop/base-FrontEnd-v1.1/node_modules/vinyl-sourcemaps-apply/package.json
573 verbose installManyTop reading scoped package data from /Users/jairo/Desktop/base-FrontEnd-v1.1/node_modules/void-elements/package.json
574 verbose installManyTop reading scoped package data from /Users/jairo/Desktop/base-FrontEnd-v1.1/node_modules/ware/package.json
575 verbose installManyTop reading scoped package data from /Users/jairo/Desktop/base-FrontEnd-v1.1/node_modules/weinre/package.json
576 verbose installManyTop reading scoped package data from /Users/jairo/Desktop/base-FrontEnd-v1.1/node_modules/whet.extend/package.json
577 verbose installManyTop reading scoped package data from /Users/jairo/Desktop/base-FrontEnd-v1.1/node_modules/which/package.json
578 verbose installManyTop reading scoped package data from /Users/jairo/Desktop/base-FrontEnd-v1.1/node_modules/which-module/package.json
579 verbose installManyTop reading scoped package data from /Users/jairo/Desktop/base-FrontEnd-v1.1/node_modules/wide-align/package.json
580 verbose installManyTop reading scoped package data from /Users/jairo/Desktop/base-FrontEnd-v1.1/node_modules/window-size/package.json
581 verbose installManyTop reading scoped package data from /Users/jairo/Desktop/base-FrontEnd-v1.1/node_modules/with/package.json
582 verbose installManyTop reading scoped package data from /Users/jairo/Desktop/base-FrontEnd-v1.1/node_modules/wordwrap/package.json
583 verbose installManyTop reading scoped package data from /Users/jairo/Desktop/base-FrontEnd-v1.1/node_modules/wrap-ansi/package.json
584 verbose installManyTop reading scoped package data from /Users/jairo/Desktop/base-FrontEnd-v1.1/node_modules/wrap-fn/package.json
585 verbose installManyTop reading scoped package data from /Users/jairo/Desktop/base-FrontEnd-v1.1/node_modules/wrappy/package.json
586 verbose installManyTop reading scoped package data from /Users/jairo/Desktop/base-FrontEnd-v1.1/node_modules/ws/package.json
587 verbose installManyTop reading scoped package data from /Users/jairo/Desktop/base-FrontEnd-v1.1/node_modules/wtf-8/package.json
588 verbose installManyTop reading scoped package data from /Users/jairo/Desktop/base-FrontEnd-v1.1/node_modules/xmlhttprequest-ssl/package.json
589 verbose installManyTop reading scoped package data from /Users/jairo/Desktop/base-FrontEnd-v1.1/node_modules/xtend/package.json
590 verbose installManyTop reading scoped package data from /Users/jairo/Desktop/base-FrontEnd-v1.1/node_modules/y18n/package.json
591 verbose installManyTop reading scoped package data from /Users/jairo/Desktop/base-FrontEnd-v1.1/node_modules/yallist/package.json
592 verbose installManyTop reading scoped package data from /Users/jairo/Desktop/base-FrontEnd-v1.1/node_modules/yargs/package.json
593 verbose installManyTop reading scoped package data from /Users/jairo/Desktop/base-FrontEnd-v1.1/node_modules/yargs-parser/package.json
594 verbose installManyTop reading scoped package data from /Users/jairo/Desktop/base-FrontEnd-v1.1/node_modules/yauzl/package.json
595 verbose installManyTop reading scoped package data from /Users/jairo/Desktop/base-FrontEnd-v1.1/node_modules/yeast/package.json
596 info package.json after@0.8.1 No license field.
597 info package.json arr-flatten@1.0.1 license should be a valid SPDX license expression
598 info package.json array-unique@0.2.1 license should be a valid SPDX license expression
599 info package.json arraybuffer.slice@0.0.6 No license field.
600 info package.json async@0.2.10 No license field.
601 info package.json base64id@0.1.0 No license field.
602 info package.json async-foreach@0.1.3 No license field.
603 info package.json base64-arraybuffer@0.1.5 No license field.
604 info package.json batch@0.5.3 No license field.
605 info package.json bcrypt-pbkdf@1.0.0 No repository field.
606 info package.json benchmark@1.0.0 No license field.
607 info package.json better-assert@1.0.2 No license field.
608 info package.json browser-sync-client@2.4.3 No license field.
609 info package.json blob@0.0.4 No license field.
610 info package.json callsite@1.0.0 No repository field.
611 info package.json callsite@1.0.0 No license field.
612 info package.json coa@1.0.1 No license field.
613 info package.json component-bind@1.0.0 No license field.
614 info package.json component-emitter@1.1.2 No license field.
615 info package.json component-inherit@0.0.3 No license field.
616 info package.json console-stream@0.1.1 No license field.
617 info package.json ctype@0.5.3 No license field.
618 info package.json deprecated@0.0.1 No license field.
619 info package.json dev-ip@1.0.1 No license field.
620 info package.json duplexer2@0.0.2 license should be a valid SPDX license expression
621 info package.json easy-extender@2.3.2 No license field.
622 info package.json eazy-logger@3.0.2 No license field.
623 info package.json express@2.5.11 No license field.
624 info package.json extsprintf@1.0.2 No license field.
625 info package.json filename-regex@2.0.0 license should be a valid SPDX license expression
626 info package.json flagged-respawn@0.3.2 No license field.
627 info package.json formidable@1.0.17 No license field.
628 info package.json gaze@0.5.2 No license field.
629 info package.json glob-base@0.3.0 license should be a valid SPDX license expression
630 info package.json glob-stream@3.1.18 No license field.
631 info package.json glob-watcher@0.0.6 No license field.
632 info package.json glob2base@0.0.12 No license field.
633 info package.json globule@0.1.0 No license field.
634 info package.json has-binary@0.1.7 No repository field.
635 info package.json gulp-rename@1.2.2 No license field.
636 info package.json indexof@0.0.1 No repository field.
637 info package.json indexof@0.0.1 No license field.
638 info package.json is-primitive@2.0.0 license should be a valid SPDX license expression
639 info package.json js-base64@2.1.9 license should be a valid SPDX license expression
640 info package.json json-schema@0.2.3 No license field.
641 info package.json jsbn@0.1.0 license should be a valid SPDX license expression
642 info package.json json3@3.2.6 No license field.
643 info package.json jsonify@0.0.0 license should be a valid SPDX license expression
644 info package.json limiter@1.1.0 No license field.
645 info package.json longest@1.0.1 license should be a valid SPDX license expression
646 info package.json mime@1.2.4 No license field.
647 info package.json node-uuid@1.4.7 No license field.
648 info package.json object-component@0.0.3 No repository field.
649 info package.json object-component@0.0.3 No license field.
650 info package.json options@0.0.6 No license field.
651 info package.json parsejson@0.0.1 No repository field.
652 info package.json parseqs@0.0.2 No repository field.
653 info package.json portscanner@1.0.0 No license field.
654 info package.json preserve@0.2.0 license should be a valid SPDX license expression
655 info package.json punycode@1.4.1 punycode is also the name of a node core module.
656 info package.json q@1.4.1 license should be a valid SPDX license expression
657 info package.json rechoir@0.6.2 No license field.
658 info package.json repeat-element@1.1.2 license should be a valid SPDX license expression
659 info package.json replace-ext@0.0.1 No license field.
660 info package.json resp-modifier@6.0.2 No license field.
661 info package.json sequencify@0.0.7 No license field.
662 info package.json sntp@1.0.9 No license field.
663 info package.json string_decoder@0.10.31 string_decoder is also the name of a node core module.
664 info package.json strip-dirs@1.1.1 No license field.
665 info package.json to-array@0.1.4 No license field.
666 info package.json ua-parser-js@0.7.10 No license field.
667 info package.json unique-stream@1.0.0 license should be a valid SPDX license expression
668 info package.json underscore@1.7.0 No license field.
669 info package.json utils-merge@1.0.0 No license field.
670 info package.json v8flags@2.0.11 No license field.
671 info package.json vinyl-fs@0.3.14 No license field.
672 info package.json verror@1.3.6 No license field.
673 info package.json weinre@2.0.0-pre-I0Z7U9OV No license field.
674 info package.json wordwrap@0.0.2 license should be a valid SPDX license expression
675 info package.json xmlhttprequest-ssl@1.5.1 No license field.
676 verbose readDependencies loading dependencies from /Users/jairo/Desktop/base-FrontEnd-v1.1/package.json
677 verbose install gulp-iconfont is installed as 8.0.1
678 silly cache add args [ 'gulp-iconfont', null ]
679 verbose cache add spec gulp-iconfont
680 silly cache add parsed spec Result {
680 silly cache add   raw: 'gulp-iconfont',
680 silly cache add   scope: null,
680 silly cache add   name: 'gulp-iconfont',
680 silly cache add   rawSpec: '',
680 silly cache add   spec: 'latest',
680 silly cache add   type: 'tag' }
681 silly addNamed gulp-iconfont@latest
682 verbose addNamed "latest" is being treated as a dist-tag for gulp-iconfont
683 info addNameTag [ 'gulp-iconfont', 'latest' ]
684 silly mapToRegistry name gulp-iconfont
685 silly mapToRegistry using default registry
686 silly mapToRegistry registry https://registry.npmjs.org/
687 silly mapToRegistry uri https://registry.npmjs.org/gulp-iconfont
688 verbose addNameTag registry:https://registry.npmjs.org/gulp-iconfont not in flight; fetching
689 verbose request uri https://registry.npmjs.org/gulp-iconfont
690 verbose request no auth needed
691 info attempt registry request try #1 at 10:55:32 PM
692 verbose request id 9c878b7dd91e4e0e
693 verbose etag W/"58fb4f21-12075"
694 verbose lastModified Sat, 22 Apr 2017 12:40:01 GMT
695 http request GET https://registry.npmjs.org/gulp-iconfont
696 http 304 https://registry.npmjs.org/gulp-iconfont
697 verbose headers { date: 'Thu, 27 Apr 2017 03:55:32 GMT',
697 verbose headers   via: '1.1 varnish',
697 verbose headers   'cache-control': 'max-age=300',
697 verbose headers   etag: 'W/"58fb4f21-12075"',
697 verbose headers   age: '0',
697 verbose headers   connection: 'keep-alive',
697 verbose headers   'x-served-by': 'cache-lax8630-LAX',
697 verbose headers   'x-cache': 'HIT',
697 verbose headers   'x-cache-hits': '1',
697 verbose headers   'x-timer': 'S1493265333.922312,VS0,VE157',
697 verbose headers   vary: 'Accept-Encoding' }
698 silly get cb [ 304,
698 silly get   { date: 'Thu, 27 Apr 2017 03:55:32 GMT',
698 silly get     via: '1.1 varnish',
698 silly get     'cache-control': 'max-age=300',
698 silly get     etag: 'W/"58fb4f21-12075"',
698 silly get     age: '0',
698 silly get     connection: 'keep-alive',
698 silly get     'x-served-by': 'cache-lax8630-LAX',
698 silly get     'x-cache': 'HIT',
698 silly get     'x-cache-hits': '1',
698 silly get     'x-timer': 'S1493265333.922312,VS0,VE157',
698 silly get     vary: 'Accept-Encoding' } ]
699 verbose etag https://registry.npmjs.org/gulp-iconfont from cache
700 verbose get saving gulp-iconfont to /Users/jairo/.npm/registry.npmjs.org/gulp-iconfont/.cache.json
701 silly addNameTag next cb for gulp-iconfont with tag latest
702 silly addNamed gulp-iconfont@8.0.1
703 verbose addNamed "8.0.1" is a plain semver version for gulp-iconfont
704 silly cache afterAdd gulp-iconfont@8.0.1
705 verbose afterAdd /Users/jairo/.npm/gulp-iconfont/8.0.1/package/package.json not in flight; writing
706 verbose afterAdd /Users/jairo/.npm/gulp-iconfont/8.0.1/package/package.json written
707 silly install resolved [ { name: 'gulp-iconfont',
707 silly install resolved     description: 'Create icon fonts from several SVG icons',
707 silly install resolved     version: '8.0.1',
707 silly install resolved     homepage: 'https://github.com/nfroidure/gulp-iconfont',
707 silly install resolved     author:
707 silly install resolved      { name: 'Nicolas Froidure',
707 silly install resolved        url: 'http://www.insertafter.com/blog.html' },
707 silly install resolved     repository:
707 silly install resolved      { type: 'git',
707 silly install resolved        url: 'git://github.com/nfroidure/gulp-iconfont.git' },
707 silly install resolved     bugs: { url: 'https://github.com/nfroidure/gulp-iconfont/issues' },
707 silly install resolved     license: 'MIT',
707 silly install resolved     main: 'src/index.js',
707 silly install resolved     engines: { node: '>= 4' },
707 silly install resolved     scripts:
707 silly install resolved      { test: 'mocha tests/*.mocha.js',
707 silly install resolved        coveralls: 'istanbul cover _mocha --report lcovonly -- tests/*.mocha.js -R spec -t 5000 && cat ./coverage/lcov.info | coveralls && rm -rf ./coverage',
707 silly install resolved        cover: 'istanbul cover --report html _mocha -- tests/*.mocha.js -R spec -t 5000',
707 silly install resolved        lint: 'eslint src/*.js tests/*.js',
707 silly install resolved        preversion: 'npm run lint && npm test',
707 silly install resolved        cli: 'env NPM_RUN_CLI=1',
707 silly install resolved        'generate-fixtures': './tests/generate-fixtures.sh' },
707 silly install resolved     keywords: [ 'gulpplugin', 'gulp', 'icon', 'font' ],
707 silly install resolved     dependencies:
707 silly install resolved      { 'gulp-cond': '^1.0.0',
707 silly install resolved        'gulp-spawn': '^0.3.0',
707 silly install resolved        'gulp-svg2ttf': '^2.0.0',
707 silly install resolved        'gulp-svgicons2svgfont': '^3.0.1',
707 silly install resolved        'gulp-ttf2eot': '^1.1.1',
707 silly install resolved        'gulp-ttf2woff': '^1.1.0',
707 silly install resolved        'gulp-ttf2woff2': '^2.0.2',
707 silly install resolved        'gulp-util': '^3.0.7',
707 silly install resolved        plexer: '^1.0.1',
707 silly install resolved        streamfilter: '^1.0.5' },
707 silly install resolved     devDependencies:
707 silly install resolved      { coveralls: '^2.11.6',
707 silly install resolved        eslint: '^1.10.1',
707 silly install resolved        'eslint-config-simplifield': '^1.2.2',
707 silly install resolved        gulp: '^3.9.1',
707 silly install resolved        istanbul: '^0.4.2',
707 silly install resolved        mocha: '^2.4.5',
707 silly install resolved        'mocha-lcov-reporter': '^1.0.0',
707 silly install resolved        neatequal: '^1.0.0',
707 silly install resolved        streamtest: '^1.2.1' },
707 silly install resolved     gitHead: 'e7d32eb141f6106a04d03a21ddfc66259983f8f0',
707 silly install resolved     _id: 'gulp-iconfont@8.0.1',
707 silly install resolved     _shasum: 'bc32aa6e3ea5ca389fbb014ba8d2c08f0c3c0763',
707 silly install resolved     _from: 'gulp-iconfont@latest',
707 silly install resolved     _npmVersion: '3.9.2',
707 silly install resolved     _nodeVersion: '4.1.2',
707 silly install resolved     _npmUser: { name: 'sabberworm', email: 'any@sabberworm.com' },
707 silly install resolved     maintainers: [ [Object] ],
707 silly install resolved     dist:
707 silly install resolved      { shasum: 'bc32aa6e3ea5ca389fbb014ba8d2c08f0c3c0763',
707 silly install resolved        tarball: 'https://registry.npmjs.org/gulp-iconfont/-/gulp-iconfont-8.0.1.tgz' },
707 silly install resolved     _npmOperationalInternal:
707 silly install resolved      { host: 'packages-16-east.internal.npmjs.com',
707 silly install resolved        tmp: 'tmp/gulp-iconfont-8.0.1.tgz_1466672981425_0.5321610802784562' },
707 silly install resolved     directories: {},
707 silly install resolved     _resolved: 'https://registry.npmjs.org/gulp-iconfont/-/gulp-iconfont-8.0.1.tgz',
707 silly install resolved     readme: 'ERROR: No README data found!' } ]
708 info install gulp-iconfont@8.0.1 into /Users/jairo/Desktop/base-FrontEnd-v1.1
709 info installOne gulp-iconfont@8.0.1
710 verbose installOne of gulp-iconfont to /Users/jairo/Desktop/base-FrontEnd-v1.1 not in flight; installing
711 verbose lock using /Users/jairo/.npm/_locks/gulp-iconfont-829383cf965c4d5c.lock for /Users/jairo/Desktop/base-FrontEnd-v1.1/node_modules/gulp-iconfont
712 silly install write writing gulp-iconfont 8.0.1 to /Users/jairo/Desktop/base-FrontEnd-v1.1/node_modules/gulp-iconfont
713 verbose unbuild node_modules/gulp-iconfont
714 info preuninstall gulp-iconfont@8.0.1
715 info uninstall gulp-iconfont@8.0.1
716 verbose unbuild rmStuff gulp-iconfont@8.0.1 from /Users/jairo/Desktop/base-FrontEnd-v1.1/node_modules
717 info postuninstall gulp-iconfont@8.0.1
718 silly gentlyRm /Users/jairo/Desktop/base-FrontEnd-v1.1/node_modules/gulp-iconfont is being purged from base /Users/jairo/Desktop/base-FrontEnd-v1.1
719 verbose gentlyRm don't care about contents; nuking /Users/jairo/Desktop/base-FrontEnd-v1.1/node_modules/gulp-iconfont
720 silly vacuum-fs purging /Users/jairo/Desktop/base-FrontEnd-v1.1/node_modules/gulp-iconfont
721 verbose unlock done using /Users/jairo/.npm/_locks/gulp-iconfont-829383cf965c4d5c.lock for /Users/jairo/Desktop/base-FrontEnd-v1.1/node_modules/gulp-iconfont
722 verbose stack Error: EACCES: permission denied, unlink '/Users/jairo/Desktop/base-FrontEnd-v1.1/node_modules/gulp-iconfont/node_modules/gulp-svg2ttf/node_modules/.bin/svg2ttf'
722 verbose stack     at Error (native)
723 verbose cwd /Users/jairo/Desktop/base-FrontEnd-v1.1
724 error Darwin 16.4.0
725 error argv "/usr/local/bin/node" "/usr/local/bin/npm" "install" "--save-dev" "gulp-iconfont"
726 error node v4.2.6
727 error npm  v2.14.12
728 error path /Users/jairo/Desktop/base-FrontEnd-v1.1/node_modules/gulp-iconfont/node_modules/gulp-svg2ttf/node_modules/.bin/svg2ttf
729 error code EACCES
730 error errno -13
731 error syscall unlink
732 error Error: EACCES: permission denied, unlink '/Users/jairo/Desktop/base-FrontEnd-v1.1/node_modules/gulp-iconfont/node_modules/gulp-svg2ttf/node_modules/.bin/svg2ttf'
732 error     at Error (native)
732 error  { [Error: EACCES: permission denied, unlink '/Users/jairo/Desktop/base-FrontEnd-v1.1/node_modules/gulp-iconfont/node_modules/gulp-svg2ttf/node_modules/.bin/svg2ttf']
732 error   errno: -13,
732 error   code: 'EACCES',
732 error   syscall: 'unlink',
732 error   path: '/Users/jairo/Desktop/base-FrontEnd-v1.1/node_modules/gulp-iconfont/node_modules/gulp-svg2ttf/node_modules/.bin/svg2ttf' }
733 error Please try running this command again as root/Administrator.
734 verbose exit [ -13, true ]
735 verbose unbuild node_modules/gulp-iconfont
736 silly gentlyRm /Users/jairo/Desktop/base-FrontEnd-v1.1/node_modules/gulp-iconfont is being purged from base /Users/jairo/Desktop/base-FrontEnd-v1.1
737 verbose gentlyRm don't care about contents; nuking /Users/jairo/Desktop/base-FrontEnd-v1.1/node_modules/gulp-iconfont
738 silly vacuum-fs purging /Users/jairo/Desktop/base-FrontEnd-v1.1/node_modules/gulp-iconfont
739 error error rolling back Error: EACCES: permission denied, unlink '/Users/jairo/Desktop/base-FrontEnd-v1.1/node_modules/gulp-iconfont/node_modules/gulp-ttf2eot/node_modules/.bin/ttf2eot'
739 error error rolling back     at Error (native)
739 error error rolling back  { [Error: EACCES: permission denied, unlink '/Users/jairo/Desktop/base-FrontEnd-v1.1/node_modules/gulp-iconfont/node_modules/gulp-ttf2eot/node_modules/.bin/ttf2eot']
739 error error rolling back   errno: -13,
739 error error rolling back   code: 'EACCES',
739 error error rolling back   syscall: 'unlink',
739 error error rolling back   path: '/Users/jairo/Desktop/base-FrontEnd-v1.1/node_modules/gulp-iconfont/node_modules/gulp-ttf2eot/node_modules/.bin/ttf2eot' }
